ARM GAS  C:\Users\Dell\AppData\Local\Temp\ccfsUw7O.s 			page 1


   1              		.syntax unified
   2              		.cpu cortex-m3
   3              		.fpu softvfp
   4              		.eabi_attribute 20, 1
   5              		.eabi_attribute 21, 1
   6              		.eabi_attribute 23, 3
   7              		.eabi_attribute 24, 1
   8              		.eabi_attribute 25, 1
   9              		.eabi_attribute 26, 1
  10              		.eabi_attribute 30, 1
  11              		.eabi_attribute 34, 1
  12              		.eabi_attribute 18, 4
  13              		.thumb
  14              		.syntax unified
  15              		.file	"LCD_I2C_1_LL_I2C.c"
  16              		.text
  17              	.Ltext0:
  18              		.cfi_sections	.debug_frame
  19              		.section	.text.LCD_I2C_1_writeByte,"ax",%progbits
  20              		.align	2
  21              		.global	LCD_I2C_1_writeByte
  22              		.thumb
  23              		.thumb_func
  24              		.type	LCD_I2C_1_writeByte, %function
  25              	LCD_I2C_1_writeByte:
  26              	.LFB63:
  27              		.file 1 "Generated_Source\\PSoC5\\LCD_I2C_1_LL_I2C.c"
   1:Generated_Source\PSoC5/LCD_I2C_1_LL_I2C.c **** /****************************************************************************
   2:Generated_Source\PSoC5/LCD_I2C_1_LL_I2C.c **** * This file is part of the PCF8574AT Custom Component for PSoC Devices.
   3:Generated_Source\PSoC5/LCD_I2C_1_LL_I2C.c **** *
   4:Generated_Source\PSoC5/LCD_I2C_1_LL_I2C.c **** * Copyright (C) 2017 Carlos Diaz <carlos.santiago.diaz@gmail.com>
   5:Generated_Source\PSoC5/LCD_I2C_1_LL_I2C.c **** *
   6:Generated_Source\PSoC5/LCD_I2C_1_LL_I2C.c **** * Permission to use, copy, modify, and/or distribute this software for any
   7:Generated_Source\PSoC5/LCD_I2C_1_LL_I2C.c **** * purpose with or without fee is hereby granted, provided that the above
   8:Generated_Source\PSoC5/LCD_I2C_1_LL_I2C.c **** * copyright notice and this permission notice appear in all copies.
   9:Generated_Source\PSoC5/LCD_I2C_1_LL_I2C.c **** *
  10:Generated_Source\PSoC5/LCD_I2C_1_LL_I2C.c **** * THE SOFTWARE IS PROVIDED "AS IS" AND THE AUTHOR DISCLAIMS ALL WARRANTIES
  11:Generated_Source\PSoC5/LCD_I2C_1_LL_I2C.c **** * WITH REGARD TO THIS SOFTWARE INCLUDING ALL IMPLIED WARRANTIES OF
  12:Generated_Source\PSoC5/LCD_I2C_1_LL_I2C.c **** * MERCHANTABILITY AND FITNESS. IN NO EVENT SHALL THE AUTHOR BE LIABLE FOR
  13:Generated_Source\PSoC5/LCD_I2C_1_LL_I2C.c **** * ANY SPECIAL, DIRECT, INDIRECT, OR CONSEQUENTIAL DAMAGES OR ANY DAMAGES
  14:Generated_Source\PSoC5/LCD_I2C_1_LL_I2C.c **** * WHATSOEVER RESULTING FROM LOSS OF USE, DATA OR PROFITS, WHETHER IN AN
  15:Generated_Source\PSoC5/LCD_I2C_1_LL_I2C.c **** * ACTION OF CONTRACT, NEGLIGENCE OR OTHER TORTIOUS ACTION, ARISING OUT OF
  16:Generated_Source\PSoC5/LCD_I2C_1_LL_I2C.c **** * OR IN CONNECTION WITH THE USE OR PERFORMANCE OF THIS SOFTWARE.
  17:Generated_Source\PSoC5/LCD_I2C_1_LL_I2C.c **** ****************************************************************************/
  18:Generated_Source\PSoC5/LCD_I2C_1_LL_I2C.c **** 
  19:Generated_Source\PSoC5/LCD_I2C_1_LL_I2C.c **** #include "project.h"
  20:Generated_Source\PSoC5/LCD_I2C_1_LL_I2C.c **** #include <stdint.h>
  21:Generated_Source\PSoC5/LCD_I2C_1_LL_I2C.c **** #include <stdbool.h>
  22:Generated_Source\PSoC5/LCD_I2C_1_LL_I2C.c **** 
  23:Generated_Source\PSoC5/LCD_I2C_1_LL_I2C.c **** #include "LCD_I2C_1_LL_I2C.h"
  24:Generated_Source\PSoC5/LCD_I2C_1_LL_I2C.c **** 
  25:Generated_Source\PSoC5/LCD_I2C_1_LL_I2C.c **** void LCD_I2C_1_writeByte(const uint8_t addr, const uint8_t data)
  26:Generated_Source\PSoC5/LCD_I2C_1_LL_I2C.c **** {
  28              		.loc 1 26 0
  29              		.cfi_startproc
  30              		@ args = 0, pretend = 0, frame = 0
  31              		@ frame_needed = 0, uses_anonymous_args = 0
ARM GAS  C:\Users\Dell\AppData\Local\Temp\ccfsUw7O.s 			page 2


  32              	.LVL0:
  33 0000 10B5     		push	{r4, lr}
  34              		.cfi_def_cfa_offset 8
  35              		.cfi_offset 4, -8
  36              		.cfi_offset 14, -4
  37 0002 0C46     		mov	r4, r1
  27:Generated_Source\PSoC5/LCD_I2C_1_LL_I2C.c **** #if defined(CY_SCB_I2C_H) // SCB Block
  28:Generated_Source\PSoC5/LCD_I2C_1_LL_I2C.c ****     I2C_I2CMasterSendStart(addr, 0);
  29:Generated_Source\PSoC5/LCD_I2C_1_LL_I2C.c ****     I2C_I2CMasterWriteByte(data);
  30:Generated_Source\PSoC5/LCD_I2C_1_LL_I2C.c ****     I2C_I2CMasterSendStop();
  31:Generated_Source\PSoC5/LCD_I2C_1_LL_I2C.c **** #else // UDB Block
  32:Generated_Source\PSoC5/LCD_I2C_1_LL_I2C.c ****     I2C_MasterSendStart(addr, 0);
  38              		.loc 1 32 0
  39 0004 0021     		movs	r1, #0
  40              	.LVL1:
  41 0006 FFF7FEFF 		bl	I2C_MasterSendStart
  42              	.LVL2:
  33:Generated_Source\PSoC5/LCD_I2C_1_LL_I2C.c ****     I2C_MasterWriteByte(data);
  43              		.loc 1 33 0
  44 000a 2046     		mov	r0, r4
  45 000c FFF7FEFF 		bl	I2C_MasterWriteByte
  46              	.LVL3:
  34:Generated_Source\PSoC5/LCD_I2C_1_LL_I2C.c ****     I2C_MasterSendStop();
  47              		.loc 1 34 0
  48 0010 FFF7FEFF 		bl	I2C_MasterSendStop
  49              	.LVL4:
  50 0014 10BD     		pop	{r4, pc}
  51              		.cfi_endproc
  52              	.LFE63:
  53              		.size	LCD_I2C_1_writeByte, .-LCD_I2C_1_writeByte
  54 0016 00BF     		.text
  55              	.Letext0:
  56              		.file 2 "c:\\program files (x86)\\cypress\\psoc creator\\4.4\\psoc creator\\import\\gnu\\arm\\5.4.
  57              		.file 3 "c:\\program files (x86)\\cypress\\psoc creator\\4.4\\psoc creator\\import\\gnu\\arm\\5.4.
  58              		.file 4 "Generated_Source\\PSoC5\\I2C.h"
  59              		.file 5 "Generated_Source\\PSoC5/core_cm3.h"
  60              		.section	.debug_info,"",%progbits
  61              	.Ldebug_info0:
  62 0000 52010000 		.4byte	0x152
  63 0004 0400     		.2byte	0x4
  64 0006 00000000 		.4byte	.Ldebug_abbrev0
  65 000a 04       		.byte	0x4
  66 000b 01       		.uleb128 0x1
  67 000c 3C000000 		.4byte	.LASF23
  68 0010 0C       		.byte	0xc
  69 0011 0B010000 		.4byte	.LASF24
  70 0015 35010000 		.4byte	.LASF25
  71 0019 00000000 		.4byte	.Ldebug_ranges0+0
  72 001d 00000000 		.4byte	0
  73 0021 00000000 		.4byte	.Ldebug_line0
  74 0025 02       		.uleb128 0x2
  75 0026 01       		.byte	0x1
  76 0027 06       		.byte	0x6
  77 0028 FC010000 		.4byte	.LASF0
  78 002c 03       		.uleb128 0x3
  79 002d B0010000 		.4byte	.LASF4
  80 0031 02       		.byte	0x2
ARM GAS  C:\Users\Dell\AppData\Local\Temp\ccfsUw7O.s 			page 3


  81 0032 1D       		.byte	0x1d
  82 0033 37000000 		.4byte	0x37
  83 0037 02       		.uleb128 0x2
  84 0038 01       		.byte	0x1
  85 0039 08       		.byte	0x8
  86 003a A2010000 		.4byte	.LASF1
  87 003e 02       		.uleb128 0x2
  88 003f 02       		.byte	0x2
  89 0040 05       		.byte	0x5
  90 0041 24020000 		.4byte	.LASF2
  91 0045 02       		.uleb128 0x2
  92 0046 02       		.byte	0x2
  93 0047 07       		.byte	0x7
  94 0048 F8000000 		.4byte	.LASF3
  95 004c 03       		.uleb128 0x3
  96 004d 14020000 		.4byte	.LASF5
  97 0051 02       		.byte	0x2
  98 0052 3F       		.byte	0x3f
  99 0053 57000000 		.4byte	0x57
 100 0057 02       		.uleb128 0x2
 101 0058 04       		.byte	0x4
 102 0059 05       		.byte	0x5
 103 005a C4010000 		.4byte	.LASF6
 104 005e 02       		.uleb128 0x2
 105 005f 04       		.byte	0x4
 106 0060 07       		.byte	0x7
 107 0061 CA000000 		.4byte	.LASF7
 108 0065 02       		.uleb128 0x2
 109 0066 08       		.byte	0x8
 110 0067 05       		.byte	0x5
 111 0068 00000000 		.4byte	.LASF8
 112 006c 02       		.uleb128 0x2
 113 006d 08       		.byte	0x8
 114 006e 07       		.byte	0x7
 115 006f DC000000 		.4byte	.LASF9
 116 0073 04       		.uleb128 0x4
 117 0074 04       		.byte	0x4
 118 0075 05       		.byte	0x5
 119 0076 696E7400 		.ascii	"int\000"
 120 007a 02       		.uleb128 0x2
 121 007b 04       		.byte	0x4
 122 007c 07       		.byte	0x7
 123 007d 2F000000 		.4byte	.LASF10
 124 0081 03       		.uleb128 0x3
 125 0082 9A010000 		.4byte	.LASF11
 126 0086 03       		.byte	0x3
 127 0087 18       		.byte	0x18
 128 0088 2C000000 		.4byte	0x2c
 129 008c 03       		.uleb128 0x3
 130 008d 2E020000 		.4byte	.LASF12
 131 0091 03       		.byte	0x3
 132 0092 2C       		.byte	0x2c
 133 0093 4C000000 		.4byte	0x4c
 134 0097 02       		.uleb128 0x2
 135 0098 04       		.byte	0x4
 136 0099 04       		.byte	0x4
 137 009a 1E020000 		.4byte	.LASF13
ARM GAS  C:\Users\Dell\AppData\Local\Temp\ccfsUw7O.s 			page 4


 138 009e 02       		.uleb128 0x2
 139 009f 08       		.byte	0x8
 140 00a0 04       		.byte	0x4
 141 00a1 E1010000 		.4byte	.LASF14
 142 00a5 02       		.uleb128 0x2
 143 00a6 01       		.byte	0x1
 144 00a7 08       		.byte	0x8
 145 00a8 BA010000 		.4byte	.LASF15
 146 00ac 02       		.uleb128 0x2
 147 00ad 08       		.byte	0x8
 148 00ae 04       		.byte	0x4
 149 00af 08020000 		.4byte	.LASF16
 150 00b3 02       		.uleb128 0x2
 151 00b4 04       		.byte	0x4
 152 00b5 07       		.byte	0x7
 153 00b6 36020000 		.4byte	.LASF17
 154 00ba 05       		.uleb128 0x5
 155 00bb 0E000000 		.4byte	.LASF26
 156 00bf 01       		.byte	0x1
 157 00c0 19       		.byte	0x19
 158 00c1 00000000 		.4byte	.LFB63
 159 00c5 16000000 		.4byte	.LFE63-.LFB63
 160 00c9 01       		.uleb128 0x1
 161 00ca 9C       		.byte	0x9c
 162 00cb 1E010000 		.4byte	0x11e
 163 00cf 06       		.uleb128 0x6
 164 00d0 BF010000 		.4byte	.LASF18
 165 00d4 01       		.byte	0x1
 166 00d5 19       		.byte	0x19
 167 00d6 1E010000 		.4byte	0x11e
 168 00da 00000000 		.4byte	.LLST0
 169 00de 06       		.uleb128 0x6
 170 00df F3000000 		.4byte	.LASF19
 171 00e3 01       		.byte	0x1
 172 00e4 19       		.byte	0x19
 173 00e5 1E010000 		.4byte	0x11e
 174 00e9 21000000 		.4byte	.LLST1
 175 00ed 07       		.uleb128 0x7
 176 00ee 0A000000 		.4byte	.LVL2
 177 00f2 34010000 		.4byte	0x134
 178 00f6 00010000 		.4byte	0x100
 179 00fa 08       		.uleb128 0x8
 180 00fb 01       		.uleb128 0x1
 181 00fc 51       		.byte	0x51
 182 00fd 01       		.uleb128 0x1
 183 00fe 30       		.byte	0x30
 184 00ff 00       		.byte	0
 185 0100 07       		.uleb128 0x7
 186 0101 10000000 		.4byte	.LVL3
 187 0105 3F010000 		.4byte	0x13f
 188 0109 14010000 		.4byte	0x114
 189 010d 08       		.uleb128 0x8
 190 010e 01       		.uleb128 0x1
 191 010f 50       		.byte	0x50
 192 0110 02       		.uleb128 0x2
 193 0111 74       		.byte	0x74
 194 0112 00       		.sleb128 0
ARM GAS  C:\Users\Dell\AppData\Local\Temp\ccfsUw7O.s 			page 5


 195 0113 00       		.byte	0
 196 0114 09       		.uleb128 0x9
 197 0115 14000000 		.4byte	.LVL4
 198 0119 4A010000 		.4byte	0x14a
 199 011d 00       		.byte	0
 200 011e 0A       		.uleb128 0xa
 201 011f 81000000 		.4byte	0x81
 202 0123 0B       		.uleb128 0xb
 203 0124 22000000 		.4byte	.LASF27
 204 0128 05       		.byte	0x5
 205 0129 1207     		.2byte	0x712
 206 012b 2F010000 		.4byte	0x12f
 207 012f 0C       		.uleb128 0xc
 208 0130 8C000000 		.4byte	0x8c
 209 0134 0D       		.uleb128 0xd
 210 0135 CD010000 		.4byte	.LASF20
 211 0139 CD010000 		.4byte	.LASF20
 212 013d 04       		.byte	0x4
 213 013e B1       		.byte	0xb1
 214 013f 0D       		.uleb128 0xd
 215 0140 E8010000 		.4byte	.LASF21
 216 0144 E8010000 		.4byte	.LASF21
 217 0148 04       		.byte	0x4
 218 0149 B6       		.byte	0xb6
 219 014a 0D       		.uleb128 0xd
 220 014b 87010000 		.4byte	.LASF22
 221 014f 87010000 		.4byte	.LASF22
 222 0153 04       		.byte	0x4
 223 0154 B5       		.byte	0xb5
 224 0155 00       		.byte	0
 225              		.section	.debug_abbrev,"",%progbits
 226              	.Ldebug_abbrev0:
 227 0000 01       		.uleb128 0x1
 228 0001 11       		.uleb128 0x11
 229 0002 01       		.byte	0x1
 230 0003 25       		.uleb128 0x25
 231 0004 0E       		.uleb128 0xe
 232 0005 13       		.uleb128 0x13
 233 0006 0B       		.uleb128 0xb
 234 0007 03       		.uleb128 0x3
 235 0008 0E       		.uleb128 0xe
 236 0009 1B       		.uleb128 0x1b
 237 000a 0E       		.uleb128 0xe
 238 000b 55       		.uleb128 0x55
 239 000c 17       		.uleb128 0x17
 240 000d 11       		.uleb128 0x11
 241 000e 01       		.uleb128 0x1
 242 000f 10       		.uleb128 0x10
 243 0010 17       		.uleb128 0x17
 244 0011 00       		.byte	0
 245 0012 00       		.byte	0
 246 0013 02       		.uleb128 0x2
 247 0014 24       		.uleb128 0x24
 248 0015 00       		.byte	0
 249 0016 0B       		.uleb128 0xb
 250 0017 0B       		.uleb128 0xb
 251 0018 3E       		.uleb128 0x3e
ARM GAS  C:\Users\Dell\AppData\Local\Temp\ccfsUw7O.s 			page 6


 252 0019 0B       		.uleb128 0xb
 253 001a 03       		.uleb128 0x3
 254 001b 0E       		.uleb128 0xe
 255 001c 00       		.byte	0
 256 001d 00       		.byte	0
 257 001e 03       		.uleb128 0x3
 258 001f 16       		.uleb128 0x16
 259 0020 00       		.byte	0
 260 0021 03       		.uleb128 0x3
 261 0022 0E       		.uleb128 0xe
 262 0023 3A       		.uleb128 0x3a
 263 0024 0B       		.uleb128 0xb
 264 0025 3B       		.uleb128 0x3b
 265 0026 0B       		.uleb128 0xb
 266 0027 49       		.uleb128 0x49
 267 0028 13       		.uleb128 0x13
 268 0029 00       		.byte	0
 269 002a 00       		.byte	0
 270 002b 04       		.uleb128 0x4
 271 002c 24       		.uleb128 0x24
 272 002d 00       		.byte	0
 273 002e 0B       		.uleb128 0xb
 274 002f 0B       		.uleb128 0xb
 275 0030 3E       		.uleb128 0x3e
 276 0031 0B       		.uleb128 0xb
 277 0032 03       		.uleb128 0x3
 278 0033 08       		.uleb128 0x8
 279 0034 00       		.byte	0
 280 0035 00       		.byte	0
 281 0036 05       		.uleb128 0x5
 282 0037 2E       		.uleb128 0x2e
 283 0038 01       		.byte	0x1
 284 0039 3F       		.uleb128 0x3f
 285 003a 19       		.uleb128 0x19
 286 003b 03       		.uleb128 0x3
 287 003c 0E       		.uleb128 0xe
 288 003d 3A       		.uleb128 0x3a
 289 003e 0B       		.uleb128 0xb
 290 003f 3B       		.uleb128 0x3b
 291 0040 0B       		.uleb128 0xb
 292 0041 27       		.uleb128 0x27
 293 0042 19       		.uleb128 0x19
 294 0043 11       		.uleb128 0x11
 295 0044 01       		.uleb128 0x1
 296 0045 12       		.uleb128 0x12
 297 0046 06       		.uleb128 0x6
 298 0047 40       		.uleb128 0x40
 299 0048 18       		.uleb128 0x18
 300 0049 9742     		.uleb128 0x2117
 301 004b 19       		.uleb128 0x19
 302 004c 01       		.uleb128 0x1
 303 004d 13       		.uleb128 0x13
 304 004e 00       		.byte	0
 305 004f 00       		.byte	0
 306 0050 06       		.uleb128 0x6
 307 0051 05       		.uleb128 0x5
 308 0052 00       		.byte	0
ARM GAS  C:\Users\Dell\AppData\Local\Temp\ccfsUw7O.s 			page 7


 309 0053 03       		.uleb128 0x3
 310 0054 0E       		.uleb128 0xe
 311 0055 3A       		.uleb128 0x3a
 312 0056 0B       		.uleb128 0xb
 313 0057 3B       		.uleb128 0x3b
 314 0058 0B       		.uleb128 0xb
 315 0059 49       		.uleb128 0x49
 316 005a 13       		.uleb128 0x13
 317 005b 02       		.uleb128 0x2
 318 005c 17       		.uleb128 0x17
 319 005d 00       		.byte	0
 320 005e 00       		.byte	0
 321 005f 07       		.uleb128 0x7
 322 0060 898201   		.uleb128 0x4109
 323 0063 01       		.byte	0x1
 324 0064 11       		.uleb128 0x11
 325 0065 01       		.uleb128 0x1
 326 0066 31       		.uleb128 0x31
 327 0067 13       		.uleb128 0x13
 328 0068 01       		.uleb128 0x1
 329 0069 13       		.uleb128 0x13
 330 006a 00       		.byte	0
 331 006b 00       		.byte	0
 332 006c 08       		.uleb128 0x8
 333 006d 8A8201   		.uleb128 0x410a
 334 0070 00       		.byte	0
 335 0071 02       		.uleb128 0x2
 336 0072 18       		.uleb128 0x18
 337 0073 9142     		.uleb128 0x2111
 338 0075 18       		.uleb128 0x18
 339 0076 00       		.byte	0
 340 0077 00       		.byte	0
 341 0078 09       		.uleb128 0x9
 342 0079 898201   		.uleb128 0x4109
 343 007c 00       		.byte	0
 344 007d 11       		.uleb128 0x11
 345 007e 01       		.uleb128 0x1
 346 007f 31       		.uleb128 0x31
 347 0080 13       		.uleb128 0x13
 348 0081 00       		.byte	0
 349 0082 00       		.byte	0
 350 0083 0A       		.uleb128 0xa
 351 0084 26       		.uleb128 0x26
 352 0085 00       		.byte	0
 353 0086 49       		.uleb128 0x49
 354 0087 13       		.uleb128 0x13
 355 0088 00       		.byte	0
 356 0089 00       		.byte	0
 357 008a 0B       		.uleb128 0xb
 358 008b 34       		.uleb128 0x34
 359 008c 00       		.byte	0
 360 008d 03       		.uleb128 0x3
 361 008e 0E       		.uleb128 0xe
 362 008f 3A       		.uleb128 0x3a
 363 0090 0B       		.uleb128 0xb
 364 0091 3B       		.uleb128 0x3b
 365 0092 05       		.uleb128 0x5
ARM GAS  C:\Users\Dell\AppData\Local\Temp\ccfsUw7O.s 			page 8


 366 0093 49       		.uleb128 0x49
 367 0094 13       		.uleb128 0x13
 368 0095 3F       		.uleb128 0x3f
 369 0096 19       		.uleb128 0x19
 370 0097 3C       		.uleb128 0x3c
 371 0098 19       		.uleb128 0x19
 372 0099 00       		.byte	0
 373 009a 00       		.byte	0
 374 009b 0C       		.uleb128 0xc
 375 009c 35       		.uleb128 0x35
 376 009d 00       		.byte	0
 377 009e 49       		.uleb128 0x49
 378 009f 13       		.uleb128 0x13
 379 00a0 00       		.byte	0
 380 00a1 00       		.byte	0
 381 00a2 0D       		.uleb128 0xd
 382 00a3 2E       		.uleb128 0x2e
 383 00a4 00       		.byte	0
 384 00a5 3F       		.uleb128 0x3f
 385 00a6 19       		.uleb128 0x19
 386 00a7 3C       		.uleb128 0x3c
 387 00a8 19       		.uleb128 0x19
 388 00a9 6E       		.uleb128 0x6e
 389 00aa 0E       		.uleb128 0xe
 390 00ab 03       		.uleb128 0x3
 391 00ac 0E       		.uleb128 0xe
 392 00ad 3A       		.uleb128 0x3a
 393 00ae 0B       		.uleb128 0xb
 394 00af 3B       		.uleb128 0x3b
 395 00b0 0B       		.uleb128 0xb
 396 00b1 00       		.byte	0
 397 00b2 00       		.byte	0
 398 00b3 00       		.byte	0
 399              		.section	.debug_loc,"",%progbits
 400              	.Ldebug_loc0:
 401              	.LLST0:
 402 0000 00000000 		.4byte	.LVL0
 403 0004 09000000 		.4byte	.LVL2-1
 404 0008 0100     		.2byte	0x1
 405 000a 50       		.byte	0x50
 406 000b 09000000 		.4byte	.LVL2-1
 407 000f 16000000 		.4byte	.LFE63
 408 0013 0400     		.2byte	0x4
 409 0015 F3       		.byte	0xf3
 410 0016 01       		.uleb128 0x1
 411 0017 50       		.byte	0x50
 412 0018 9F       		.byte	0x9f
 413 0019 00000000 		.4byte	0
 414 001d 00000000 		.4byte	0
 415              	.LLST1:
 416 0021 00000000 		.4byte	.LVL0
 417 0025 06000000 		.4byte	.LVL1
 418 0029 0100     		.2byte	0x1
 419 002b 51       		.byte	0x51
 420 002c 06000000 		.4byte	.LVL1
 421 0030 16000000 		.4byte	.LFE63
 422 0034 0400     		.2byte	0x4
ARM GAS  C:\Users\Dell\AppData\Local\Temp\ccfsUw7O.s 			page 9


 423 0036 F3       		.byte	0xf3
 424 0037 01       		.uleb128 0x1
 425 0038 51       		.byte	0x51
 426 0039 9F       		.byte	0x9f
 427 003a 00000000 		.4byte	0
 428 003e 00000000 		.4byte	0
 429              		.section	.debug_aranges,"",%progbits
 430 0000 1C000000 		.4byte	0x1c
 431 0004 0200     		.2byte	0x2
 432 0006 00000000 		.4byte	.Ldebug_info0
 433 000a 04       		.byte	0x4
 434 000b 00       		.byte	0
 435 000c 0000     		.2byte	0
 436 000e 0000     		.2byte	0
 437 0010 00000000 		.4byte	.LFB63
 438 0014 16000000 		.4byte	.LFE63-.LFB63
 439 0018 00000000 		.4byte	0
 440 001c 00000000 		.4byte	0
 441              		.section	.debug_ranges,"",%progbits
 442              	.Ldebug_ranges0:
 443 0000 00000000 		.4byte	.LFB63
 444 0004 16000000 		.4byte	.LFE63
 445 0008 00000000 		.4byte	0
 446 000c 00000000 		.4byte	0
 447              		.section	.debug_line,"",%progbits
 448              	.Ldebug_line0:
 449 0000 6C010000 		.section	.debug_str,"MS",%progbits,1
 449      02005401 
 449      00000201 
 449      FB0E0D00 
 449      01010101 
 450              	.LASF8:
 451 0000 6C6F6E67 		.ascii	"long long int\000"
 451      206C6F6E 
 451      6720696E 
 451      7400
 452              	.LASF26:
 453 000e 4C43445F 		.ascii	"LCD_I2C_1_writeByte\000"
 453      4932435F 
 453      315F7772 
 453      69746542 
 453      79746500 
 454              	.LASF27:
 455 0022 49544D5F 		.ascii	"ITM_RxBuffer\000"
 455      52784275 
 455      66666572 
 455      00
 456              	.LASF10:
 457 002f 756E7369 		.ascii	"unsigned int\000"
 457      676E6564 
 457      20696E74 
 457      00
 458              	.LASF23:
 459 003c 474E5520 		.ascii	"GNU C11 5.4.1 20160609 (release) [ARM/embedded-5-br"
 459      43313120 
 459      352E342E 
 459      31203230 
ARM GAS  C:\Users\Dell\AppData\Local\Temp\ccfsUw7O.s 			page 10


 459      31363036 
 460 006f 616E6368 		.ascii	"anch revision 237715] -mcpu=cortex-m3 -mthumb -g -O"
 460      20726576 
 460      6973696F 
 460      6E203233 
 460      37373135 
 461 00a2 67202D66 		.ascii	"g -ffunction-sections -ffat-lto-objects\000"
 461      66756E63 
 461      74696F6E 
 461      2D736563 
 461      74696F6E 
 462              	.LASF7:
 463 00ca 6C6F6E67 		.ascii	"long unsigned int\000"
 463      20756E73 
 463      69676E65 
 463      6420696E 
 463      7400
 464              	.LASF9:
 465 00dc 6C6F6E67 		.ascii	"long long unsigned int\000"
 465      206C6F6E 
 465      6720756E 
 465      7369676E 
 465      65642069 
 466              	.LASF19:
 467 00f3 64617461 		.ascii	"data\000"
 467      00
 468              	.LASF3:
 469 00f8 73686F72 		.ascii	"short unsigned int\000"
 469      7420756E 
 469      7369676E 
 469      65642069 
 469      6E7400
 470              	.LASF24:
 471 010b 47656E65 		.ascii	"Generated_Source\\PSoC5\\LCD_I2C_1_LL_I2C.c\000"
 471      72617465 
 471      645F536F 
 471      75726365 
 471      5C50536F 
 472              	.LASF25:
 473 0135 433A5C55 		.ascii	"C:\\Users\\Dell\\Desktop\\Pso Creator\\Control_Movi"
 473      73657273 
 473      5C44656C 
 473      6C5C4465 
 473      736B746F 
 474 0163 6D69656E 		.ascii	"miento\\Control_velocidad_giro.cydsn\000"
 474      746F5C43 
 474      6F6E7472 
 474      6F6C5F76 
 474      656C6F63 
 475              	.LASF22:
 476 0187 4932435F 		.ascii	"I2C_MasterSendStop\000"
 476      4D617374 
 476      65725365 
 476      6E645374 
 476      6F7000
 477              	.LASF11:
 478 019a 75696E74 		.ascii	"uint8_t\000"
ARM GAS  C:\Users\Dell\AppData\Local\Temp\ccfsUw7O.s 			page 11


 478      385F7400 
 479              	.LASF1:
 480 01a2 756E7369 		.ascii	"unsigned char\000"
 480      676E6564 
 480      20636861 
 480      7200
 481              	.LASF4:
 482 01b0 5F5F7569 		.ascii	"__uint8_t\000"
 482      6E74385F 
 482      7400
 483              	.LASF15:
 484 01ba 63686172 		.ascii	"char\000"
 484      00
 485              	.LASF18:
 486 01bf 61646472 		.ascii	"addr\000"
 486      00
 487              	.LASF6:
 488 01c4 6C6F6E67 		.ascii	"long int\000"
 488      20696E74 
 488      00
 489              	.LASF20:
 490 01cd 4932435F 		.ascii	"I2C_MasterSendStart\000"
 490      4D617374 
 490      65725365 
 490      6E645374 
 490      61727400 
 491              	.LASF14:
 492 01e1 646F7562 		.ascii	"double\000"
 492      6C6500
 493              	.LASF21:
 494 01e8 4932435F 		.ascii	"I2C_MasterWriteByte\000"
 494      4D617374 
 494      65725772 
 494      69746542 
 494      79746500 
 495              	.LASF0:
 496 01fc 7369676E 		.ascii	"signed char\000"
 496      65642063 
 496      68617200 
 497              	.LASF16:
 498 0208 6C6F6E67 		.ascii	"long double\000"
 498      20646F75 
 498      626C6500 
 499              	.LASF5:
 500 0214 5F5F696E 		.ascii	"__int32_t\000"
 500      7433325F 
 500      7400
 501              	.LASF13:
 502 021e 666C6F61 		.ascii	"float\000"
 502      7400
 503              	.LASF2:
 504 0224 73686F72 		.ascii	"short int\000"
 504      7420696E 
 504      7400
 505              	.LASF12:
 506 022e 696E7433 		.ascii	"int32_t\000"
 506      325F7400 
ARM GAS  C:\Users\Dell\AppData\Local\Temp\ccfsUw7O.s 			page 12


 507              	.LASF17:
 508 0236 73697A65 		.ascii	"sizetype\000"
 508      74797065 
 508      00
 509              		.ident	"GCC: (GNU Tools for ARM Embedded Processors) 5.4.1 20160609 (release) [ARM/embedded-5-bran
