ARM GAS  C:\Users\Dell\AppData\Local\Temp\ccBjESAb.s 			page 1


   1              		.syntax unified
   2              		.cpu cortex-m3
   3              		.fpu softvfp
   4              		.eabi_attribute 20, 1
   5              		.eabi_attribute 21, 1
   6              		.eabi_attribute 23, 3
   7              		.eabi_attribute 24, 1
   8              		.eabi_attribute 25, 1
   9              		.eabi_attribute 26, 1
  10              		.eabi_attribute 30, 1
  11              		.eabi_attribute 34, 1
  12              		.eabi_attribute 18, 4
  13              		.thumb
  14              		.syntax unified
  15              		.file	"main.c"
  16              		.text
  17              	.Ltext0:
  18              		.cfi_sections	.debug_frame
  19              		.section	.text.isrEncoder_A,"ax",%progbits
  20              		.align	2
  21              		.global	isrEncoder_A
  22              		.thumb
  23              		.thumb_func
  24              		.type	isrEncoder_A, %function
  25              	isrEncoder_A:
  26              	.LFB67:
  27              		.file 1 "main.c"
   1:main.c        **** #include "project.h"
   2:main.c        **** #include <stdio.h>
   3:main.c        **** #include <string.h>
   4:main.c        **** #include <math.h>
   5:main.c        **** 
   6:main.c        **** // Declaración del variables de la comunicación serial (UART).
   7:main.c        **** char bufferReceive[9];
   8:main.c        **** char bufferToSend_PWM[20];
   9:main.c        **** char bufferToSend_Pos[20];
  10:main.c        **** int count = 0;
  11:main.c        **** char RPM_value_String[3];
  12:main.c        **** int16 RPM_receive;
  13:main.c        **** char Pos_value_String[3];
  14:main.c        **** int16 position_receive;
  15:main.c        **** 
  16:main.c        **** char position_String[16] = "Pos: 0      mm";
  17:main.c        **** char RPM_String[16] =      "Vel: 0.00   rpm";
  18:main.c        **** 
  19:main.c        **** CYBIT int_Capture_flag = 0;
  20:main.c        **** uint32 interruptions_a;
  21:main.c        **** uint32 capture = 0;
  22:main.c        **** float RPM =      0.0;
  23:main.c        **** 
  24:main.c        **** 
  25:main.c        **** char RPM_reading[6];
  26:main.c        **** float PWM;
  27:main.c        **** float PWM_final;
  28:main.c        **** 
  29:main.c        **** 
  30:main.c        **** float distance;
ARM GAS  C:\Users\Dell\AppData\Local\Temp\ccBjESAb.s 			page 2


  31:main.c        **** float distance_final = 0.0;
  32:main.c        **** char PUL_reading[10];
  33:main.c        **** 
  34:main.c        **** void printLCD(int column, int row, char message[16]) {
  35:main.c        ****     LCD_I2C_setCursor(column, row);
  36:main.c        ****     LCD_I2C_print(message);
  37:main.c        **** }
  38:main.c        **** 
  39:main.c        **** int j = 0;
  40:main.c        **** CY_ISR(isrSerial) {
  41:main.c        ****     if (UART_Serial_GetRxBufferSize() > 0) {
  42:main.c        ****         bufferReceive[count] = UART_Serial_GetChar();
  43:main.c        ****         count++;
  44:main.c        **** 
  45:main.c        ****         if (count == 7) {
  46:main.c        ****             // Se limpia la LCD, desde la columna 5, desde la cuál se publica los números.
  47:main.c        ****             printLCD(5, 0, "       ");
  48:main.c        ****             printLCD(5, 1, "       ");
  49:main.c        ****             
  50:main.c        ****             // Se extrae el valor de las RPM enviada por el puerto serial.
  51:main.c        ****             RPM_receive = (bufferReceive[0]-'0')*100 + 
  52:main.c        ****                           (bufferReceive[1]-'0')*10 + 
  53:main.c        ****                           (bufferReceive[2]-'0');            
  54:main.c        ****             sprintf(bufferToSend_PWM, "Recibe Vel: %i ", RPM_receive);
  55:main.c        ****             UART_Serial_PutString(bufferToSend_PWM);
  56:main.c        ****             sprintf(RPM_value_String, "%i", RPM_receive);
  57:main.c        ****             printLCD(5, 1, RPM_value_String);
  58:main.c        **** 
  59:main.c        ****             // Se extrae el valor de la posición enviada por el puerto serial.
  60:main.c        ****             position_receive = (bufferReceive[4]-'0')*100 + 
  61:main.c        ****                                (bufferReceive[5]-'0')*10 + 
  62:main.c        ****                                (bufferReceive[6]-'0');                            
  63:main.c        ****             sprintf(bufferToSend_Pos, "Recibe Pos: %i\n\r", position_receive);
  64:main.c        ****             UART_Serial_PutString(bufferToSend_Pos);
  65:main.c        ****             sprintf(Pos_value_String, "%i", position_receive);
  66:main.c        ****             printLCD(5, 0, Pos_value_String);
  67:main.c        ****             
  68:main.c        ****             // Ecuación que relaciona los PWMs con las RPM.
  69:main.c        ****             // PWM = 39.154ln(RPM) - 58.056
  70:main.c        ****             PWM = 39.154*log(RPM_receive)-58.056;
  71:main.c        ****             PWM_final = (65535*PWM)/(39.154*log(120)-58.056);
  72:main.c        ****             PWM_WriteCompare(PWM_final);
  73:main.c        ****             
  74:main.c        ****             CyDelay(1000);
  75:main.c        ****             sprintf(RPM_reading, "PWM: %.2f", (float)PWM);
  76:main.c        ****             //sprintf(RPM_reading, "PWM: %.2f", (float)PWM_final);
  77:main.c        ****             printLCD(0, 1, RPM_reading);
  78:main.c        ****             printLCD(12, 1, "    ");
  79:main.c        **** 
  80:main.c        ****             if (bufferReceive[3] == 'i') {
  81:main.c        ****                 left_Write(1);
  82:main.c        ****                 rigth_Write(0);
  83:main.c        ****             }
  84:main.c        ****             if (bufferReceive[3] == 'd') {
  85:main.c        ****                 left_Write(0);
  86:main.c        ****                 rigth_Write(1);
  87:main.c        ****             }
ARM GAS  C:\Users\Dell\AppData\Local\Temp\ccBjESAb.s 			page 3


  88:main.c        ****             if (bufferReceive[3] == 'p') {
  89:main.c        ****                 left_Write(0);
  90:main.c        ****                 rigth_Write(0);
  91:main.c        ****                 PWM_WriteCompare(0);
  92:main.c        ****             }
  93:main.c        ****             
  94:main.c        ****             UART_Serial_ClearRxBuffer();
  95:main.c        ****             count = 0;
  96:main.c        ****         }
  97:main.c        ****     }
  98:main.c        **** }
  99:main.c        **** 
 100:main.c        **** CY_ISR(isrTimer) {
 101:main.c        ****     RPM = (float)interruptions_a/160.0*60.0 - 48.0;
 102:main.c        ****     if (RPM < 0) {
 103:main.c        ****         RPM = 0;
 104:main.c        ****     }
 105:main.c        ****     
 106:main.c        ****     //sprintf(RPM_reading, "RPM: %.2f", (float)RPM);
 107:main.c        ****     //printLCD(0, 0, RPM_reading);
 108:main.c        ****     //sprintf(PUL_reading, "PUL: %lu", interruptions_a);
 109:main.c        ****     //printLCD(0, 1, PUL_reading);
 110:main.c        ****     //CyDelay(20);
 111:main.c        ****     //printLCD(0, 1, "");
 112:main.c        ****     //if (RPM == 0) printLCD(0, 1, "RPM: 0.00   rpm");
 113:main.c        ****     
 114:main.c        ****     /* distancia = (paso_del_tornillo / relacion_de_transmision) * revoluciones_del_motor */
 115:main.c        ****     distance = (1 / 80) * RPM;
 116:main.c        ****     distance_final = distance_final + distance;
 117:main.c        ****     
 118:main.c        ****     outTimer_Write(!outTimer_Read());
 119:main.c        ****     
 120:main.c        ****     interruptions_a = 0;
 121:main.c        ****     
 122:main.c        ****     Timer_Stop();
 123:main.c        ****     Timer_WritePeriod(7500);
 124:main.c        ****     Timer_Start();
 125:main.c        **** }
 126:main.c        **** 
 127:main.c        **** CY_ISR(isrEncoder_A) {
  28              		.loc 1 127 0
  29              		.cfi_startproc
  30              		@ args = 0, pretend = 0, frame = 0
  31              		@ frame_needed = 0, uses_anonymous_args = 0
  32              		@ link register save eliminated.
 128:main.c        ****     interruptions_a++;
  33              		.loc 1 128 0
  34 0000 024A     		ldr	r2, .L2
  35 0002 1368     		ldr	r3, [r2]
  36 0004 0133     		adds	r3, r3, #1
  37 0006 1360     		str	r3, [r2]
  38 0008 7047     		bx	lr
  39              	.L3:
  40 000a 00BF     		.align	2
  41              	.L2:
  42 000c 00000000 		.word	interruptions_a
  43              		.cfi_endproc
ARM GAS  C:\Users\Dell\AppData\Local\Temp\ccBjESAb.s 			page 4


  44              	.LFE67:
  45              		.size	isrEncoder_A, .-isrEncoder_A
  46              		.global	__aeabi_ui2f
  47              		.global	__aeabi_f2d
  48              		.global	__aeabi_ddiv
  49              		.global	__aeabi_dmul
  50              		.global	__aeabi_dsub
  51              		.global	__aeabi_d2f
  52              		.global	__aeabi_fcmplt
  53              		.global	__aeabi_fmul
  54              		.global	__aeabi_fadd
  55              		.section	.text.isrTimer,"ax",%progbits
  56              		.align	2
  57              		.global	isrTimer
  58              		.thumb
  59              		.thumb_func
  60              		.type	isrTimer, %function
  61              	isrTimer:
  62              	.LFB66:
 100:main.c        ****     RPM = (float)interruptions_a/160.0*60.0 - 48.0;
  63              		.loc 1 100 0
  64              		.cfi_startproc
  65              		@ args = 0, pretend = 0, frame = 0
  66              		@ frame_needed = 0, uses_anonymous_args = 0
  67 0000 10B5     		push	{r4, lr}
  68              		.cfi_def_cfa_offset 8
  69              		.cfi_offset 4, -8
  70              		.cfi_offset 14, -4
 101:main.c        ****     if (RPM < 0) {
  71              		.loc 1 101 0
  72 0002 1D4B     		ldr	r3, .L9
  73 0004 1868     		ldr	r0, [r3]
  74 0006 FFF7FEFF 		bl	__aeabi_ui2f
  75              	.LVL0:
  76 000a FFF7FEFF 		bl	__aeabi_f2d
  77              	.LVL1:
  78 000e 0022     		movs	r2, #0
  79 0010 1A4B     		ldr	r3, .L9+4
  80 0012 FFF7FEFF 		bl	__aeabi_ddiv
  81              	.LVL2:
  82 0016 0022     		movs	r2, #0
  83 0018 194B     		ldr	r3, .L9+8
  84 001a FFF7FEFF 		bl	__aeabi_dmul
  85              	.LVL3:
  86 001e 0022     		movs	r2, #0
  87 0020 184B     		ldr	r3, .L9+12
  88 0022 FFF7FEFF 		bl	__aeabi_dsub
  89              	.LVL4:
  90 0026 FFF7FEFF 		bl	__aeabi_d2f
  91              	.LVL5:
  92 002a 174B     		ldr	r3, .L9+16
  93 002c 1860     		str	r0, [r3]	@ float
 102:main.c        ****         RPM = 0;
  94              		.loc 1 102 0
  95 002e 0021     		movs	r1, #0
  96 0030 FFF7FEFF 		bl	__aeabi_fcmplt
  97              	.LVL6:
ARM GAS  C:\Users\Dell\AppData\Local\Temp\ccBjESAb.s 			page 5


  98 0034 10B1     		cbz	r0, .L5
 103:main.c        ****     }
  99              		.loc 1 103 0
 100 0036 0022     		movs	r2, #0
 101 0038 134B     		ldr	r3, .L9+16
 102 003a 1A60     		str	r2, [r3]	@ float
 103              	.L5:
 115:main.c        ****     distance_final = distance_final + distance;
 104              		.loc 1 115 0
 105 003c 124C     		ldr	r4, .L9+16
 106 003e 0021     		movs	r1, #0
 107 0040 2068     		ldr	r0, [r4]	@ float
 108 0042 FFF7FEFF 		bl	__aeabi_fmul
 109              	.LVL7:
 110 0046 114B     		ldr	r3, .L9+20
 111 0048 1860     		str	r0, [r3]	@ float
 116:main.c        ****     
 112              		.loc 1 116 0
 113 004a 6168     		ldr	r1, [r4, #4]	@ float
 114 004c FFF7FEFF 		bl	__aeabi_fadd
 115              	.LVL8:
 116 0050 6060     		str	r0, [r4, #4]	@ float
 118:main.c        ****     
 117              		.loc 1 118 0
 118 0052 FFF7FEFF 		bl	outTimer_Read
 119              	.LVL9:
 120 0056 B0FA80F0 		clz	r0, r0
 121 005a 4009     		lsrs	r0, r0, #5
 122 005c FFF7FEFF 		bl	outTimer_Write
 123              	.LVL10:
 120:main.c        ****     
 124              		.loc 1 120 0
 125 0060 0022     		movs	r2, #0
 126 0062 054B     		ldr	r3, .L9
 127 0064 1A60     		str	r2, [r3]
 122:main.c        ****     Timer_WritePeriod(7500);
 128              		.loc 1 122 0
 129 0066 FFF7FEFF 		bl	Timer_Stop
 130              	.LVL11:
 123:main.c        ****     Timer_Start();
 131              		.loc 1 123 0
 132 006a 41F64C50 		movw	r0, #7500
 133 006e FFF7FEFF 		bl	Timer_WritePeriod
 134              	.LVL12:
 124:main.c        **** }
 135              		.loc 1 124 0
 136 0072 FFF7FEFF 		bl	Timer_Start
 137              	.LVL13:
 138 0076 10BD     		pop	{r4, pc}
 139              	.L10:
 140              		.align	2
 141              	.L9:
 142 0078 00000000 		.word	interruptions_a
 143 007c 00006440 		.word	1080295424
 144 0080 00004E40 		.word	1078853632
 145 0084 00004840 		.word	1078460416
 146 0088 00000000 		.word	.LANCHOR0
ARM GAS  C:\Users\Dell\AppData\Local\Temp\ccBjESAb.s 			page 6


 147 008c 00000000 		.word	distance
 148              		.cfi_endproc
 149              	.LFE66:
 150              		.size	isrTimer, .-isrTimer
 151              		.section	.text.printLCD,"ax",%progbits
 152              		.align	2
 153              		.global	printLCD
 154              		.thumb
 155              		.thumb_func
 156              		.type	printLCD, %function
 157              	printLCD:
 158              	.LFB64:
  34:main.c        ****     LCD_I2C_setCursor(column, row);
 159              		.loc 1 34 0
 160              		.cfi_startproc
 161              		@ args = 0, pretend = 0, frame = 0
 162              		@ frame_needed = 0, uses_anonymous_args = 0
 163              	.LVL14:
 164 0000 10B5     		push	{r4, lr}
 165              		.cfi_def_cfa_offset 8
 166              		.cfi_offset 4, -8
 167              		.cfi_offset 14, -4
 168 0002 1446     		mov	r4, r2
  35:main.c        ****     LCD_I2C_print(message);
 169              		.loc 1 35 0
 170 0004 C9B2     		uxtb	r1, r1
 171              	.LVL15:
 172 0006 C0B2     		uxtb	r0, r0
 173              	.LVL16:
 174 0008 FFF7FEFF 		bl	LCD_I2C_setCursor
 175              	.LVL17:
  36:main.c        **** }
 176              		.loc 1 36 0
 177 000c 2046     		mov	r0, r4
 178 000e FFF7FEFF 		bl	LCD_I2C_print
 179              	.LVL18:
 180 0012 10BD     		pop	{r4, pc}
 181              		.cfi_endproc
 182              	.LFE64:
 183              		.size	printLCD, .-printLCD
 184              		.global	__aeabi_i2d
 185              		.global	__aeabi_f2uiz
 186              		.section	.text.isrSerial,"ax",%progbits
 187              		.align	2
 188              		.global	isrSerial
 189              		.thumb
 190              		.thumb_func
 191              		.type	isrSerial, %function
 192              	isrSerial:
 193              	.LFB65:
  40:main.c        ****     if (UART_Serial_GetRxBufferSize() > 0) {
 194              		.loc 1 40 0
 195              		.cfi_startproc
 196              		@ args = 0, pretend = 0, frame = 0
 197              		@ frame_needed = 0, uses_anonymous_args = 0
 198 0000 2DE9F041 		push	{r4, r5, r6, r7, r8, lr}
 199              		.cfi_def_cfa_offset 24
ARM GAS  C:\Users\Dell\AppData\Local\Temp\ccBjESAb.s 			page 7


 200              		.cfi_offset 4, -24
 201              		.cfi_offset 5, -20
 202              		.cfi_offset 6, -16
 203              		.cfi_offset 7, -12
 204              		.cfi_offset 8, -8
 205              		.cfi_offset 14, -4
  41:main.c        ****         bufferReceive[count] = UART_Serial_GetChar();
 206              		.loc 1 41 0
 207 0004 FFF7FEFF 		bl	UART_Serial_GetRxBufferSize
 208              	.LVL19:
 209 0008 0028     		cmp	r0, #0
 210 000a 00F0CD80 		beq	.L13
  42:main.c        ****         count++;
 211              		.loc 1 42 0
 212 000e 6E4C     		ldr	r4, .L19+24
 213 0010 A568     		ldr	r5, [r4, #8]
 214 0012 FFF7FEFF 		bl	UART_Serial_GetChar
 215              	.LVL20:
 216 0016 6D4B     		ldr	r3, .L19+28
 217 0018 5855     		strb	r0, [r3, r5]
  43:main.c        **** 
 218              		.loc 1 43 0
 219 001a A368     		ldr	r3, [r4, #8]
 220 001c 0133     		adds	r3, r3, #1
 221 001e A360     		str	r3, [r4, #8]
  45:main.c        ****             // Se limpia la LCD, desde la columna 5, desde la cuál se publica los números.
 222              		.loc 1 45 0
 223 0020 072B     		cmp	r3, #7
 224 0022 40F0C180 		bne	.L13
  47:main.c        ****             printLCD(5, 1, "       ");
 225              		.loc 1 47 0
 226 0026 6A4C     		ldr	r4, .L19+32
 227 0028 2246     		mov	r2, r4
 228 002a 0021     		movs	r1, #0
 229 002c 0520     		movs	r0, #5
 230 002e FFF7FEFF 		bl	printLCD
 231              	.LVL21:
  48:main.c        ****             
 232              		.loc 1 48 0
 233 0032 2246     		mov	r2, r4
 234 0034 0121     		movs	r1, #1
 235 0036 0520     		movs	r0, #5
 236 0038 FFF7FEFF 		bl	printLCD
 237              	.LVL22:
  51:main.c        ****                           (bufferReceive[1]-'0')*10 + 
 238              		.loc 1 51 0
 239 003c 634C     		ldr	r4, .L19+28
 240 003e 2378     		ldrb	r3, [r4]	@ zero_extendqisi2
 241 0040 303B     		subs	r3, r3, #48
  52:main.c        ****                           (bufferReceive[2]-'0');            
 242              		.loc 1 52 0
 243 0042 6078     		ldrb	r0, [r4, #1]	@ zero_extendqisi2
 244 0044 3038     		subs	r0, r0, #48
  53:main.c        ****             sprintf(bufferToSend_PWM, "Recibe Vel: %i ", RPM_receive);
 245              		.loc 1 53 0
 246 0046 A178     		ldrb	r1, [r4, #2]	@ zero_extendqisi2
  51:main.c        ****                           (bufferReceive[1]-'0')*10 + 
ARM GAS  C:\Users\Dell\AppData\Local\Temp\ccBjESAb.s 			page 8


 247              		.loc 1 51 0
 248 0048 03EB8303 		add	r3, r3, r3, lsl #2
 249 004c 03EB8303 		add	r3, r3, r3, lsl #2
 250 0050 9D00     		lsls	r5, r3, #2
 251 0052 00EB8003 		add	r3, r0, r0, lsl #2
 252 0056 5A00     		lsls	r2, r3, #1
 253 0058 2A44     		add	r2, r2, r5
 254 005a 0A44     		add	r2, r2, r1
 255 005c 303A     		subs	r2, r2, #48
 256 005e 12B2     		sxth	r2, r2
 257 0060 5C4D     		ldr	r5, .L19+36
 258 0062 2A80     		strh	r2, [r5]	@ movhi
  54:main.c        ****             UART_Serial_PutString(bufferToSend_PWM);
 259              		.loc 1 54 0
 260 0064 5C4E     		ldr	r6, .L19+40
 261 0066 5D49     		ldr	r1, .L19+44
 262 0068 3046     		mov	r0, r6
 263 006a FFF7FEFF 		bl	sprintf
 264              	.LVL23:
  55:main.c        ****             sprintf(RPM_value_String, "%i", RPM_receive);
 265              		.loc 1 55 0
 266 006e 3046     		mov	r0, r6
 267 0070 FFF7FEFF 		bl	UART_Serial_PutString
 268              	.LVL24:
  56:main.c        ****             printLCD(5, 1, RPM_value_String);
 269              		.loc 1 56 0
 270 0074 5A4E     		ldr	r6, .L19+48
 271 0076 5B4F     		ldr	r7, .L19+52
 272 0078 B5F90020 		ldrsh	r2, [r5]
 273 007c 3146     		mov	r1, r6
 274 007e 3846     		mov	r0, r7
 275 0080 FFF7FEFF 		bl	sprintf
 276              	.LVL25:
  57:main.c        **** 
 277              		.loc 1 57 0
 278 0084 3A46     		mov	r2, r7
 279 0086 0121     		movs	r1, #1
 280 0088 0520     		movs	r0, #5
 281 008a FFF7FEFF 		bl	printLCD
 282              	.LVL26:
  60:main.c        ****                                (bufferReceive[5]-'0')*10 + 
 283              		.loc 1 60 0
 284 008e 2379     		ldrb	r3, [r4, #4]	@ zero_extendqisi2
 285 0090 303B     		subs	r3, r3, #48
  61:main.c        ****                                (bufferReceive[6]-'0');                            
 286              		.loc 1 61 0
 287 0092 6079     		ldrb	r0, [r4, #5]	@ zero_extendqisi2
 288 0094 3038     		subs	r0, r0, #48
  62:main.c        ****             sprintf(bufferToSend_Pos, "Recibe Pos: %i\n\r", position_receive);
 289              		.loc 1 62 0
 290 0096 A179     		ldrb	r1, [r4, #6]	@ zero_extendqisi2
  60:main.c        ****                                (bufferReceive[5]-'0')*10 + 
 291              		.loc 1 60 0
 292 0098 03EB8303 		add	r3, r3, r3, lsl #2
 293 009c 03EB8303 		add	r3, r3, r3, lsl #2
 294 00a0 9F00     		lsls	r7, r3, #2
 295 00a2 00EB8003 		add	r3, r0, r0, lsl #2
ARM GAS  C:\Users\Dell\AppData\Local\Temp\ccBjESAb.s 			page 9


 296 00a6 5A00     		lsls	r2, r3, #1
 297 00a8 3A44     		add	r2, r2, r7
 298 00aa 0A44     		add	r2, r2, r1
 299 00ac 303A     		subs	r2, r2, #48
 300 00ae 12B2     		sxth	r2, r2
 301 00b0 DFF85881 		ldr	r8, .L19+92
 302 00b4 A8F80020 		strh	r2, [r8]	@ movhi
  63:main.c        ****             UART_Serial_PutString(bufferToSend_Pos);
 303              		.loc 1 63 0
 304 00b8 4B4F     		ldr	r7, .L19+56
 305 00ba 4C49     		ldr	r1, .L19+60
 306 00bc 3846     		mov	r0, r7
 307 00be FFF7FEFF 		bl	sprintf
 308              	.LVL27:
  64:main.c        ****             sprintf(Pos_value_String, "%i", position_receive);
 309              		.loc 1 64 0
 310 00c2 3846     		mov	r0, r7
 311 00c4 FFF7FEFF 		bl	UART_Serial_PutString
 312              	.LVL28:
  65:main.c        ****             printLCD(5, 0, Pos_value_String);
 313              		.loc 1 65 0
 314 00c8 494F     		ldr	r7, .L19+64
 315 00ca B8F90020 		ldrsh	r2, [r8]
 316 00ce 3146     		mov	r1, r6
 317 00d0 3846     		mov	r0, r7
 318 00d2 FFF7FEFF 		bl	sprintf
 319              	.LVL29:
  66:main.c        ****             
 320              		.loc 1 66 0
 321 00d6 3A46     		mov	r2, r7
 322 00d8 0021     		movs	r1, #0
 323 00da 0520     		movs	r0, #5
 324 00dc FFF7FEFF 		bl	printLCD
 325              	.LVL30:
  70:main.c        ****             PWM_final = (65535*PWM)/(39.154*log(120)-58.056);
 326              		.loc 1 70 0
 327 00e0 B5F90000 		ldrsh	r0, [r5]
 328 00e4 FFF7FEFF 		bl	__aeabi_i2d
 329              	.LVL31:
 330 00e8 FFF7FEFF 		bl	log
 331              	.LVL32:
 332 00ec 30A3     		adr	r3, .L19
 333 00ee D3E90023 		ldrd	r2, [r3]
 334 00f2 FFF7FEFF 		bl	__aeabi_dmul
 335              	.LVL33:
 336 00f6 30A3     		adr	r3, .L19+8
 337 00f8 D3E90023 		ldrd	r2, [r3]
 338 00fc FFF7FEFF 		bl	__aeabi_dsub
 339              	.LVL34:
 340 0100 FFF7FEFF 		bl	__aeabi_d2f
 341              	.LVL35:
 342 0104 3B4D     		ldr	r5, .L19+68
 343 0106 2860     		str	r0, [r5]	@ float
  71:main.c        ****             PWM_WriteCompare(PWM_final);
 344              		.loc 1 71 0
 345 0108 3B49     		ldr	r1, .L19+72
 346 010a FFF7FEFF 		bl	__aeabi_fmul
ARM GAS  C:\Users\Dell\AppData\Local\Temp\ccBjESAb.s 			page 10


 347              	.LVL36:
 348 010e FFF7FEFF 		bl	__aeabi_f2d
 349              	.LVL37:
 350 0112 2BA3     		adr	r3, .L19+16
 351 0114 D3E90023 		ldrd	r2, [r3]
 352 0118 FFF7FEFF 		bl	__aeabi_ddiv
 353              	.LVL38:
 354 011c FFF7FEFF 		bl	__aeabi_d2f
 355              	.LVL39:
 356 0120 364B     		ldr	r3, .L19+76
 357 0122 1860     		str	r0, [r3]	@ float
  72:main.c        ****             
 358              		.loc 1 72 0
 359 0124 FFF7FEFF 		bl	__aeabi_f2uiz
 360              	.LVL40:
 361 0128 80B2     		uxth	r0, r0
 362 012a FFF7FEFF 		bl	PWM_WriteCompare
 363              	.LVL41:
  74:main.c        ****             sprintf(RPM_reading, "PWM: %.2f", (float)PWM);
 364              		.loc 1 74 0
 365 012e 4FF47A70 		mov	r0, #1000
 366 0132 FFF7FEFF 		bl	CyDelay
 367              	.LVL42:
  75:main.c        ****             //sprintf(RPM_reading, "PWM: %.2f", (float)PWM_final);
 368              		.loc 1 75 0
 369 0136 2868     		ldr	r0, [r5]	@ float
 370 0138 FFF7FEFF 		bl	__aeabi_f2d
 371              	.LVL43:
 372 013c 304D     		ldr	r5, .L19+80
 373 013e 0246     		mov	r2, r0
 374 0140 0B46     		mov	r3, r1
 375 0142 3049     		ldr	r1, .L19+84
 376 0144 2846     		mov	r0, r5
 377 0146 FFF7FEFF 		bl	sprintf
 378              	.LVL44:
  77:main.c        ****             printLCD(12, 1, "    ");
 379              		.loc 1 77 0
 380 014a 2A46     		mov	r2, r5
 381 014c 0121     		movs	r1, #1
 382 014e 0020     		movs	r0, #0
 383 0150 FFF7FEFF 		bl	printLCD
 384              	.LVL45:
  78:main.c        **** 
 385              		.loc 1 78 0
 386 0154 2C4A     		ldr	r2, .L19+88
 387 0156 0121     		movs	r1, #1
 388 0158 0C20     		movs	r0, #12
 389 015a FFF7FEFF 		bl	printLCD
 390              	.LVL46:
  80:main.c        ****                 left_Write(1);
 391              		.loc 1 80 0
 392 015e E378     		ldrb	r3, [r4, #3]	@ zero_extendqisi2
 393 0160 692B     		cmp	r3, #105
 394 0162 05D1     		bne	.L15
  81:main.c        ****                 rigth_Write(0);
 395              		.loc 1 81 0
 396 0164 0120     		movs	r0, #1
ARM GAS  C:\Users\Dell\AppData\Local\Temp\ccBjESAb.s 			page 11


 397 0166 FFF7FEFF 		bl	left_Write
 398              	.LVL47:
  82:main.c        ****             }
 399              		.loc 1 82 0
 400 016a 0020     		movs	r0, #0
 401 016c FFF7FEFF 		bl	rigth_Write
 402              	.LVL48:
 403              	.L15:
  84:main.c        ****                 left_Write(0);
 404              		.loc 1 84 0
 405 0170 164B     		ldr	r3, .L19+28
 406 0172 DB78     		ldrb	r3, [r3, #3]	@ zero_extendqisi2
 407 0174 642B     		cmp	r3, #100
 408 0176 05D1     		bne	.L16
  85:main.c        ****                 rigth_Write(1);
 409              		.loc 1 85 0
 410 0178 0020     		movs	r0, #0
 411 017a FFF7FEFF 		bl	left_Write
 412              	.LVL49:
  86:main.c        ****             }
 413              		.loc 1 86 0
 414 017e 0120     		movs	r0, #1
 415 0180 FFF7FEFF 		bl	rigth_Write
 416              	.LVL50:
 417              	.L16:
  88:main.c        ****                 left_Write(0);
 418              		.loc 1 88 0
 419 0184 114B     		ldr	r3, .L19+28
 420 0186 DB78     		ldrb	r3, [r3, #3]	@ zero_extendqisi2
 421 0188 702B     		cmp	r3, #112
 422 018a 08D1     		bne	.L17
  89:main.c        ****                 rigth_Write(0);
 423              		.loc 1 89 0
 424 018c 0020     		movs	r0, #0
 425 018e FFF7FEFF 		bl	left_Write
 426              	.LVL51:
  90:main.c        ****                 PWM_WriteCompare(0);
 427              		.loc 1 90 0
 428 0192 0020     		movs	r0, #0
 429 0194 FFF7FEFF 		bl	rigth_Write
 430              	.LVL52:
  91:main.c        ****             }
 431              		.loc 1 91 0
 432 0198 0020     		movs	r0, #0
 433 019a FFF7FEFF 		bl	PWM_WriteCompare
 434              	.LVL53:
 435              	.L17:
  94:main.c        ****             count = 0;
 436              		.loc 1 94 0
 437 019e FFF7FEFF 		bl	UART_Serial_ClearRxBuffer
 438              	.LVL54:
  95:main.c        ****         }
 439              		.loc 1 95 0
 440 01a2 0022     		movs	r2, #0
 441 01a4 084B     		ldr	r3, .L19+24
 442 01a6 9A60     		str	r2, [r3, #8]
 443              	.L13:
ARM GAS  C:\Users\Dell\AppData\Local\Temp\ccBjESAb.s 			page 12


 444 01a8 BDE8F081 		pop	{r4, r5, r6, r7, r8, pc}
 445              	.L20:
 446 01ac AFF30080 		.align	3
 447              	.L19:
 448 01b0 C1CAA145 		.word	1168231105
 449 01b4 B6934340 		.word	1078170550
 450 01b8 BA490C02 		.word	34359738
 451 01bc 2B074D40 		.word	1078789931
 452 01c0 1A560328 		.word	671307290
 453 01c4 972C6040 		.word	1080044695
 454 01c8 00000000 		.word	.LANCHOR0
 455 01cc 00000000 		.word	bufferReceive
 456 01d0 00000000 		.word	.LC0
 457 01d4 00000000 		.word	RPM_receive
 458 01d8 00000000 		.word	bufferToSend_PWM
 459 01dc 08000000 		.word	.LC1
 460 01e0 18000000 		.word	.LC2
 461 01e4 00000000 		.word	RPM_value_String
 462 01e8 00000000 		.word	bufferToSend_Pos
 463 01ec 1C000000 		.word	.LC3
 464 01f0 00000000 		.word	Pos_value_String
 465 01f4 00000000 		.word	PWM
 466 01f8 00FF7F47 		.word	1199570688
 467 01fc 00000000 		.word	PWM_final
 468 0200 00000000 		.word	RPM_reading
 469 0204 30000000 		.word	.LC4
 470 0208 3C000000 		.word	.LC5
 471 020c 00000000 		.word	position_receive
 472              		.cfi_endproc
 473              	.LFE65:
 474              		.size	isrSerial, .-isrSerial
 475              		.section	.text.main,"ax",%progbits
 476              		.align	2
 477              		.global	main
 478              		.thumb
 479              		.thumb_func
 480              		.type	main, %function
 481              	main:
 482              	.LFB68:
 129:main.c        **** }
 130:main.c        **** 
 131:main.c        **** int main(void) {
 483              		.loc 1 131 0
 484              		.cfi_startproc
 485              		@ Volatile: function does not return.
 486              		@ args = 0, pretend = 0, frame = 0
 487              		@ frame_needed = 0, uses_anonymous_args = 0
 488 0000 08B5     		push	{r3, lr}
 489              		.cfi_def_cfa_offset 8
 490              		.cfi_offset 3, -8
 491              		.cfi_offset 14, -4
 132:main.c        ****     CyGlobalIntEnable;
 492              		.loc 1 132 0
 493              		.syntax unified
 494              	@ 132 "main.c" 1
 495 0002 62B6     		CPSIE   i
 496              	@ 0 "" 2
ARM GAS  C:\Users\Dell\AppData\Local\Temp\ccBjESAb.s 			page 13


 133:main.c        ****     isr_Serial_StartEx(isrSerial);
 497              		.loc 1 133 0
 498              		.thumb
 499              		.syntax unified
 500 0004 1248     		ldr	r0, .L24
 501 0006 FFF7FEFF 		bl	isr_Serial_StartEx
 502              	.LVL55:
 134:main.c        ****     isr_Encoder_A_StartEx(isrEncoder_A);
 503              		.loc 1 134 0
 504 000a 1248     		ldr	r0, .L24+4
 505 000c FFF7FEFF 		bl	isr_Encoder_A_StartEx
 506              	.LVL56:
 135:main.c        ****     isr_Timer_StartEx(isrTimer);
 507              		.loc 1 135 0
 508 0010 1148     		ldr	r0, .L24+8
 509 0012 FFF7FEFF 		bl	isr_Timer_StartEx
 510              	.LVL57:
 136:main.c        ****     
 137:main.c        ****     UART_Serial_Start();
 511              		.loc 1 137 0
 512 0016 FFF7FEFF 		bl	UART_Serial_Start
 513              	.LVL58:
 138:main.c        ****     Timer_Start();
 514              		.loc 1 138 0
 515 001a FFF7FEFF 		bl	Timer_Start
 516              	.LVL59:
 139:main.c        ****     I2C_Start();
 517              		.loc 1 139 0
 518 001e FFF7FEFF 		bl	I2C_Start
 519              	.LVL60:
 140:main.c        ****     LCD_I2C_start();
 520              		.loc 1 140 0
 521 0022 FFF7FEFF 		bl	LCD_I2C_start
 522              	.LVL61:
 141:main.c        ****     Clock_Start();
 523              		.loc 1 141 0
 524 0026 FFF7FEFF 		bl	Clock_Start
 525              	.LVL62:
 142:main.c        ****     PWM_Start();
 526              		.loc 1 142 0
 527 002a FFF7FEFF 		bl	PWM_Start
 528              	.LVL63:
 143:main.c        ****     
 144:main.c        ****     printLCD(0, 0, position_String);
 529              		.loc 1 144 0
 530 002e 0B4C     		ldr	r4, .L24+12
 531 0030 2246     		mov	r2, r4
 532 0032 0021     		movs	r1, #0
 533 0034 0846     		mov	r0, r1
 534 0036 FFF7FEFF 		bl	printLCD
 535              	.LVL64:
 145:main.c        ****     printLCD(0, 1, RPM_String);
 536              		.loc 1 145 0
 537 003a 04F11002 		add	r2, r4, #16
 538 003e 0121     		movs	r1, #1
 539 0040 0020     		movs	r0, #0
 540 0042 FFF7FEFF 		bl	printLCD
ARM GAS  C:\Users\Dell\AppData\Local\Temp\ccBjESAb.s 			page 14


 541              	.LVL65:
 146:main.c        ****     PWM_WriteCompare(0);
 542              		.loc 1 146 0
 543 0046 0020     		movs	r0, #0
 544 0048 FFF7FEFF 		bl	PWM_WriteCompare
 545              	.LVL66:
 546              	.L22:
 547 004c FEE7     		b	.L22
 548              	.L25:
 549 004e 00BF     		.align	2
 550              	.L24:
 551 0050 00000000 		.word	isrSerial
 552 0054 00000000 		.word	isrEncoder_A
 553 0058 00000000 		.word	isrTimer
 554 005c 00000000 		.word	.LANCHOR1
 555              		.cfi_endproc
 556              	.LFE68:
 557              		.size	main, .-main
 558              		.global	j
 559              		.comm	PUL_reading,10,4
 560              		.global	distance_final
 561              		.comm	distance,4,4
 562              		.comm	PWM_final,4,4
 563              		.comm	PWM,4,4
 564              		.comm	RPM_reading,6,4
 565              		.global	RPM
 566              		.global	capture
 567              		.comm	interruptions_a,4,4
 568              		.global	int_Capture_flag
 569              		.global	RPM_String
 570              		.global	position_String
 571              		.comm	position_receive,2,2
 572              		.comm	Pos_value_String,3,4
 573              		.comm	RPM_receive,2,2
 574              		.comm	RPM_value_String,3,4
 575              		.global	count
 576              		.comm	bufferToSend_Pos,20,4
 577              		.comm	bufferToSend_PWM,20,4
 578              		.comm	bufferReceive,9,4
 579              		.data
 580              		.align	2
 581              		.set	.LANCHOR1,. + 0
 582              		.type	position_String, %object
 583              		.size	position_String, 16
 584              	position_String:
 585 0000 506F733A 		.ascii	"Pos: 0      mm\000"
 585      20302020 
 585      20202020 
 585      6D6D00
 586 000f 00       		.space	1
 587              		.type	RPM_String, %object
 588              		.size	RPM_String, 16
 589              	RPM_String:
 590 0010 56656C3A 		.ascii	"Vel: 0.00   rpm\000"
 590      20302E30 
 590      30202020 
 590      72706D00 
ARM GAS  C:\Users\Dell\AppData\Local\Temp\ccBjESAb.s 			page 15


 591              		.section	.rodata.str1.4,"aMS",%progbits,1
 592              		.align	2
 593              	.LC0:
 594 0000 20202020 		.ascii	"       \000"
 594      20202000 
 595              	.LC1:
 596 0008 52656369 		.ascii	"Recibe Vel: %i \000"
 596      62652056 
 596      656C3A20 
 596      25692000 
 597              	.LC2:
 598 0018 256900   		.ascii	"%i\000"
 599 001b 00       		.space	1
 600              	.LC3:
 601 001c 52656369 		.ascii	"Recibe Pos: %i\012\015\000"
 601      62652050 
 601      6F733A20 
 601      25690A0D 
 601      00
 602 002d 000000   		.space	3
 603              	.LC4:
 604 0030 50574D3A 		.ascii	"PWM: %.2f\000"
 604      20252E32 
 604      6600
 605 003a 0000     		.space	2
 606              	.LC5:
 607 003c 20202020 		.ascii	"    \000"
 607      00
 608              		.bss
 609              		.align	2
 610              		.set	.LANCHOR0,. + 0
 611              		.type	RPM, %object
 612              		.size	RPM, 4
 613              	RPM:
 614 0000 00000000 		.space	4
 615              		.type	distance_final, %object
 616              		.size	distance_final, 4
 617              	distance_final:
 618 0004 00000000 		.space	4
 619              		.type	count, %object
 620              		.size	count, 4
 621              	count:
 622 0008 00000000 		.space	4
 623              		.type	j, %object
 624              		.size	j, 4
 625              	j:
 626 000c 00000000 		.space	4
 627              		.type	capture, %object
 628              		.size	capture, 4
 629              	capture:
 630 0010 00000000 		.space	4
 631              		.type	int_Capture_flag, %object
 632              		.size	int_Capture_flag, 1
 633              	int_Capture_flag:
 634 0014 00       		.space	1
 635              		.text
 636              	.Letext0:
ARM GAS  C:\Users\Dell\AppData\Local\Temp\ccBjESAb.s 			page 16


 637              		.file 2 "c:\\program files (x86)\\cypress\\psoc creator\\4.4\\psoc creator\\import\\gnu\\arm\\5.4.
 638              		.file 3 "c:\\program files (x86)\\cypress\\psoc creator\\4.4\\psoc creator\\import\\gnu\\arm\\5.4.
 639              		.file 4 "Generated_Source\\PSoC5/cytypes.h"
 640              		.file 5 "Generated_Source\\PSoC5/core_cm3.h"
 641              		.file 6 "Generated_Source\\PSoC5/outTimer.h"
 642              		.file 7 "Generated_Source\\PSoC5/Timer.h"
 643              		.file 8 "Generated_Source\\PSoC5/LCD_I2C_FUNCS.h"
 644              		.file 9 "Generated_Source\\PSoC5/UART_Serial.h"
 645              		.file 10 "c:\\program files (x86)\\cypress\\psoc creator\\4.4\\psoc creator\\import\\gnu\\arm\\5.4
 646              		.file 11 "Generated_Source\\PSoC5/PWM.h"
 647              		.file 12 "Generated_Source\\PSoC5/CyLib.h"
 648              		.file 13 "Generated_Source\\PSoC5/left.h"
 649              		.file 14 "Generated_Source\\PSoC5/rigth.h"
 650              		.file 15 "Generated_Source\\PSoC5/isr_Serial.h"
 651              		.file 16 "Generated_Source\\PSoC5/isr_Encoder_A.h"
 652              		.file 17 "Generated_Source\\PSoC5/isr_Timer.h"
 653              		.file 18 "Generated_Source\\PSoC5/I2C.h"
 654              		.file 19 "Generated_Source\\PSoC5/Clock.h"
 655              		.file 20 "c:\\program files (x86)\\cypress\\psoc creator\\4.4\\psoc creator\\import\\gnu\\arm\\5.4
 656              		.section	.debug_info,"",%progbits
 657              	.Ldebug_info0:
 658 0000 A8070000 		.4byte	0x7a8
 659 0004 0400     		.2byte	0x4
 660 0006 00000000 		.4byte	.Ldebug_abbrev0
 661 000a 04       		.byte	0x4
 662 000b 01       		.uleb128 0x1
 663 000c 7A030000 		.4byte	.LASF67
 664 0010 0C       		.byte	0xc
 665 0011 C3020000 		.4byte	.LASF68
 666 0015 1D000000 		.4byte	.LASF69
 667 0019 00000000 		.4byte	.Ldebug_ranges0+0
 668 001d 00000000 		.4byte	0
 669 0021 00000000 		.4byte	.Ldebug_line0
 670 0025 02       		.uleb128 0x2
 671 0026 01       		.byte	0x1
 672 0027 06       		.byte	0x6
 673 0028 D0010000 		.4byte	.LASF0
 674 002c 02       		.uleb128 0x2
 675 002d 01       		.byte	0x1
 676 002e 08       		.byte	0x8
 677 002f AE010000 		.4byte	.LASF1
 678 0033 02       		.uleb128 0x2
 679 0034 02       		.byte	0x2
 680 0035 05       		.byte	0x5
 681 0036 80000000 		.4byte	.LASF2
 682 003a 02       		.uleb128 0x2
 683 003b 02       		.byte	0x2
 684 003c 07       		.byte	0x7
 685 003d 41020000 		.4byte	.LASF3
 686 0041 03       		.uleb128 0x3
 687 0042 FC020000 		.4byte	.LASF9
 688 0046 02       		.byte	0x2
 689 0047 3F       		.byte	0x3f
 690 0048 4C000000 		.4byte	0x4c
 691 004c 02       		.uleb128 0x2
 692 004d 04       		.byte	0x4
 693 004e 05       		.byte	0x5
ARM GAS  C:\Users\Dell\AppData\Local\Temp\ccBjESAb.s 			page 17


 694 004f 69010000 		.4byte	.LASF4
 695 0053 02       		.uleb128 0x2
 696 0054 04       		.byte	0x4
 697 0055 07       		.byte	0x7
 698 0056 12020000 		.4byte	.LASF5
 699 005a 02       		.uleb128 0x2
 700 005b 08       		.byte	0x8
 701 005c 05       		.byte	0x5
 702 005d 46010000 		.4byte	.LASF6
 703 0061 02       		.uleb128 0x2
 704 0062 08       		.byte	0x8
 705 0063 07       		.byte	0x7
 706 0064 DC010000 		.4byte	.LASF7
 707 0068 04       		.uleb128 0x4
 708 0069 04       		.byte	0x4
 709 006a 05       		.byte	0x5
 710 006b 696E7400 		.ascii	"int\000"
 711 006f 02       		.uleb128 0x2
 712 0070 04       		.byte	0x4
 713 0071 07       		.byte	0x7
 714 0072 F3010000 		.4byte	.LASF8
 715 0076 03       		.uleb128 0x3
 716 0077 84020000 		.4byte	.LASF10
 717 007b 03       		.byte	0x3
 718 007c 2C       		.byte	0x2c
 719 007d 41000000 		.4byte	0x41
 720 0081 05       		.uleb128 0x5
 721 0082 FB000000 		.4byte	.LASF11
 722 0086 04       		.byte	0x4
 723 0087 E901     		.2byte	0x1e9
 724 0089 2C000000 		.4byte	0x2c
 725 008d 05       		.uleb128 0x5
 726 008e BC020000 		.4byte	.LASF12
 727 0092 04       		.byte	0x4
 728 0093 EB01     		.2byte	0x1eb
 729 0095 53000000 		.4byte	0x53
 730 0099 05       		.uleb128 0x5
 731 009a F5000000 		.4byte	.LASF13
 732 009e 04       		.byte	0x4
 733 009f ED01     		.2byte	0x1ed
 734 00a1 33000000 		.4byte	0x33
 735 00a5 02       		.uleb128 0x2
 736 00a6 04       		.byte	0x4
 737 00a7 04       		.byte	0x4
 738 00a8 00000000 		.4byte	.LASF14
 739 00ac 02       		.uleb128 0x2
 740 00ad 08       		.byte	0x8
 741 00ae 04       		.byte	0x4
 742 00af D2020000 		.4byte	.LASF15
 743 00b3 02       		.uleb128 0x2
 744 00b4 01       		.byte	0x1
 745 00b5 08       		.byte	0x8
 746 00b6 5D020000 		.4byte	.LASF16
 747 00ba 02       		.uleb128 0x2
 748 00bb 08       		.byte	0x8
 749 00bc 04       		.byte	0x4
 750 00bd A2010000 		.4byte	.LASF17
ARM GAS  C:\Users\Dell\AppData\Local\Temp\ccBjESAb.s 			page 18


 751 00c1 02       		.uleb128 0x2
 752 00c2 04       		.byte	0x4
 753 00c3 07       		.byte	0x7
 754 00c4 94000000 		.4byte	.LASF18
 755 00c8 06       		.uleb128 0x6
 756 00c9 04       		.byte	0x4
 757 00ca B3000000 		.4byte	0xb3
 758 00ce 07       		.uleb128 0x7
 759 00cf 2D040000 		.4byte	.LASF70
 760 00d3 01       		.byte	0x1
 761 00d4 7F       		.byte	0x7f
 762 00d5 00000000 		.4byte	.LFB67
 763 00d9 10000000 		.4byte	.LFE67-.LFB67
 764 00dd 01       		.uleb128 0x1
 765 00de 9C       		.byte	0x9c
 766 00df 08       		.uleb128 0x8
 767 00e0 54010000 		.4byte	.LASF19
 768 00e4 01       		.byte	0x1
 769 00e5 64       		.byte	0x64
 770 00e6 00000000 		.4byte	.LFB66
 771 00ea 90000000 		.4byte	.LFE66-.LFB66
 772 00ee 01       		.uleb128 0x1
 773 00ef 9C       		.byte	0x9c
 774 00f0 2E010000 		.4byte	0x12e
 775 00f4 09       		.uleb128 0x9
 776 00f5 56000000 		.4byte	.LVL9
 777 00f9 98060000 		.4byte	0x698
 778 00fd 09       		.uleb128 0x9
 779 00fe 60000000 		.4byte	.LVL10
 780 0102 A3060000 		.4byte	0x6a3
 781 0106 09       		.uleb128 0x9
 782 0107 6A000000 		.4byte	.LVL11
 783 010b AE060000 		.4byte	0x6ae
 784 010f 0A       		.uleb128 0xa
 785 0110 72000000 		.4byte	.LVL12
 786 0114 B9060000 		.4byte	0x6b9
 787 0118 24010000 		.4byte	0x124
 788 011c 0B       		.uleb128 0xb
 789 011d 01       		.uleb128 0x1
 790 011e 50       		.byte	0x50
 791 011f 03       		.uleb128 0x3
 792 0120 0A       		.byte	0xa
 793 0121 4C1D     		.2byte	0x1d4c
 794 0123 00       		.byte	0
 795 0124 09       		.uleb128 0x9
 796 0125 76000000 		.4byte	.LVL13
 797 0129 C4060000 		.4byte	0x6c4
 798 012d 00       		.byte	0
 799 012e 0C       		.uleb128 0xc
 800 012f 13010000 		.4byte	.LASF20
 801 0133 01       		.byte	0x1
 802 0134 22       		.byte	0x22
 803 0135 00000000 		.4byte	.LFB64
 804 0139 14000000 		.4byte	.LFE64-.LFB64
 805 013d 01       		.uleb128 0x1
 806 013e 9C       		.byte	0x9c
 807 013f 9D010000 		.4byte	0x19d
ARM GAS  C:\Users\Dell\AppData\Local\Temp\ccBjESAb.s 			page 19


 808 0143 0D       		.uleb128 0xd
 809 0144 16000000 		.4byte	.LASF21
 810 0148 01       		.byte	0x1
 811 0149 22       		.byte	0x22
 812 014a 68000000 		.4byte	0x68
 813 014e 00000000 		.4byte	.LLST0
 814 0152 0E       		.uleb128 0xe
 815 0153 726F7700 		.ascii	"row\000"
 816 0157 01       		.byte	0x1
 817 0158 22       		.byte	0x22
 818 0159 68000000 		.4byte	0x68
 819 015d 21000000 		.4byte	.LLST1
 820 0161 0D       		.uleb128 0xd
 821 0162 CA020000 		.4byte	.LASF22
 822 0166 01       		.byte	0x1
 823 0167 22       		.byte	0x22
 824 0168 C8000000 		.4byte	0xc8
 825 016c 42000000 		.4byte	.LLST2
 826 0170 0A       		.uleb128 0xa
 827 0171 0C000000 		.4byte	.LVL17
 828 0175 CF060000 		.4byte	0x6cf
 829 0179 8C010000 		.4byte	0x18c
 830 017d 0B       		.uleb128 0xb
 831 017e 01       		.uleb128 0x1
 832 017f 50       		.byte	0x50
 833 0180 03       		.uleb128 0x3
 834 0181 F3       		.byte	0xf3
 835 0182 01       		.uleb128 0x1
 836 0183 50       		.byte	0x50
 837 0184 0B       		.uleb128 0xb
 838 0185 01       		.uleb128 0x1
 839 0186 51       		.byte	0x51
 840 0187 03       		.uleb128 0x3
 841 0188 F3       		.byte	0xf3
 842 0189 01       		.uleb128 0x1
 843 018a 51       		.byte	0x51
 844 018b 00       		.byte	0
 845 018c 0F       		.uleb128 0xf
 846 018d 12000000 		.4byte	.LVL18
 847 0191 DA060000 		.4byte	0x6da
 848 0195 0B       		.uleb128 0xb
 849 0196 01       		.uleb128 0x1
 850 0197 50       		.byte	0x50
 851 0198 02       		.uleb128 0x2
 852 0199 74       		.byte	0x74
 853 019a 00       		.sleb128 0
 854 019b 00       		.byte	0
 855 019c 00       		.byte	0
 856 019d 08       		.uleb128 0x8
 857 019e BE000000 		.4byte	.LASF23
 858 01a2 01       		.byte	0x1
 859 01a3 28       		.byte	0x28
 860 01a4 00000000 		.4byte	.LFB65
 861 01a8 10020000 		.4byte	.LFE65-.LFB65
 862 01ac 01       		.uleb128 0x1
 863 01ad 9C       		.byte	0x9c
 864 01ae E4030000 		.4byte	0x3e4
ARM GAS  C:\Users\Dell\AppData\Local\Temp\ccBjESAb.s 			page 20


 865 01b2 09       		.uleb128 0x9
 866 01b3 08000000 		.4byte	.LVL19
 867 01b7 E5060000 		.4byte	0x6e5
 868 01bb 09       		.uleb128 0x9
 869 01bc 16000000 		.4byte	.LVL20
 870 01c0 F0060000 		.4byte	0x6f0
 871 01c4 0A       		.uleb128 0xa
 872 01c5 32000000 		.4byte	.LVL21
 873 01c9 2E010000 		.4byte	0x12e
 874 01cd E2010000 		.4byte	0x1e2
 875 01d1 0B       		.uleb128 0xb
 876 01d2 01       		.uleb128 0x1
 877 01d3 50       		.byte	0x50
 878 01d4 01       		.uleb128 0x1
 879 01d5 35       		.byte	0x35
 880 01d6 0B       		.uleb128 0xb
 881 01d7 01       		.uleb128 0x1
 882 01d8 51       		.byte	0x51
 883 01d9 01       		.uleb128 0x1
 884 01da 30       		.byte	0x30
 885 01db 0B       		.uleb128 0xb
 886 01dc 01       		.uleb128 0x1
 887 01dd 52       		.byte	0x52
 888 01de 02       		.uleb128 0x2
 889 01df 74       		.byte	0x74
 890 01e0 00       		.sleb128 0
 891 01e1 00       		.byte	0
 892 01e2 0A       		.uleb128 0xa
 893 01e3 3C000000 		.4byte	.LVL22
 894 01e7 2E010000 		.4byte	0x12e
 895 01eb 00020000 		.4byte	0x200
 896 01ef 0B       		.uleb128 0xb
 897 01f0 01       		.uleb128 0x1
 898 01f1 50       		.byte	0x50
 899 01f2 01       		.uleb128 0x1
 900 01f3 35       		.byte	0x35
 901 01f4 0B       		.uleb128 0xb
 902 01f5 01       		.uleb128 0x1
 903 01f6 51       		.byte	0x51
 904 01f7 01       		.uleb128 0x1
 905 01f8 31       		.byte	0x31
 906 01f9 0B       		.uleb128 0xb
 907 01fa 01       		.uleb128 0x1
 908 01fb 52       		.byte	0x52
 909 01fc 02       		.uleb128 0x2
 910 01fd 74       		.byte	0x74
 911 01fe 00       		.sleb128 0
 912 01ff 00       		.byte	0
 913 0200 0A       		.uleb128 0xa
 914 0201 6E000000 		.4byte	.LVL23
 915 0205 FB060000 		.4byte	0x6fb
 916 0209 1D020000 		.4byte	0x21d
 917 020d 0B       		.uleb128 0xb
 918 020e 01       		.uleb128 0x1
 919 020f 50       		.byte	0x50
 920 0210 02       		.uleb128 0x2
 921 0211 76       		.byte	0x76
ARM GAS  C:\Users\Dell\AppData\Local\Temp\ccBjESAb.s 			page 21


 922 0212 00       		.sleb128 0
 923 0213 0B       		.uleb128 0xb
 924 0214 01       		.uleb128 0x1
 925 0215 51       		.byte	0x51
 926 0216 05       		.uleb128 0x5
 927 0217 03       		.byte	0x3
 928 0218 08000000 		.4byte	.LC1
 929 021c 00       		.byte	0
 930 021d 0A       		.uleb128 0xa
 931 021e 74000000 		.4byte	.LVL24
 932 0222 06070000 		.4byte	0x706
 933 0226 31020000 		.4byte	0x231
 934 022a 0B       		.uleb128 0xb
 935 022b 01       		.uleb128 0x1
 936 022c 50       		.byte	0x50
 937 022d 02       		.uleb128 0x2
 938 022e 76       		.byte	0x76
 939 022f 00       		.sleb128 0
 940 0230 00       		.byte	0
 941 0231 0A       		.uleb128 0xa
 942 0232 84000000 		.4byte	.LVL25
 943 0236 FB060000 		.4byte	0x6fb
 944 023a 4B020000 		.4byte	0x24b
 945 023e 0B       		.uleb128 0xb
 946 023f 01       		.uleb128 0x1
 947 0240 50       		.byte	0x50
 948 0241 02       		.uleb128 0x2
 949 0242 77       		.byte	0x77
 950 0243 00       		.sleb128 0
 951 0244 0B       		.uleb128 0xb
 952 0245 01       		.uleb128 0x1
 953 0246 51       		.byte	0x51
 954 0247 02       		.uleb128 0x2
 955 0248 76       		.byte	0x76
 956 0249 00       		.sleb128 0
 957 024a 00       		.byte	0
 958 024b 0A       		.uleb128 0xa
 959 024c 8E000000 		.4byte	.LVL26
 960 0250 2E010000 		.4byte	0x12e
 961 0254 69020000 		.4byte	0x269
 962 0258 0B       		.uleb128 0xb
 963 0259 01       		.uleb128 0x1
 964 025a 50       		.byte	0x50
 965 025b 01       		.uleb128 0x1
 966 025c 35       		.byte	0x35
 967 025d 0B       		.uleb128 0xb
 968 025e 01       		.uleb128 0x1
 969 025f 51       		.byte	0x51
 970 0260 01       		.uleb128 0x1
 971 0261 31       		.byte	0x31
 972 0262 0B       		.uleb128 0xb
 973 0263 01       		.uleb128 0x1
 974 0264 52       		.byte	0x52
 975 0265 02       		.uleb128 0x2
 976 0266 77       		.byte	0x77
 977 0267 00       		.sleb128 0
 978 0268 00       		.byte	0
ARM GAS  C:\Users\Dell\AppData\Local\Temp\ccBjESAb.s 			page 22


 979 0269 0A       		.uleb128 0xa
 980 026a C2000000 		.4byte	.LVL27
 981 026e FB060000 		.4byte	0x6fb
 982 0272 86020000 		.4byte	0x286
 983 0276 0B       		.uleb128 0xb
 984 0277 01       		.uleb128 0x1
 985 0278 50       		.byte	0x50
 986 0279 02       		.uleb128 0x2
 987 027a 77       		.byte	0x77
 988 027b 00       		.sleb128 0
 989 027c 0B       		.uleb128 0xb
 990 027d 01       		.uleb128 0x1
 991 027e 51       		.byte	0x51
 992 027f 05       		.uleb128 0x5
 993 0280 03       		.byte	0x3
 994 0281 1C000000 		.4byte	.LC3
 995 0285 00       		.byte	0
 996 0286 0A       		.uleb128 0xa
 997 0287 C8000000 		.4byte	.LVL28
 998 028b 06070000 		.4byte	0x706
 999 028f 9A020000 		.4byte	0x29a
 1000 0293 0B       		.uleb128 0xb
 1001 0294 01       		.uleb128 0x1
 1002 0295 50       		.byte	0x50
 1003 0296 02       		.uleb128 0x2
 1004 0297 77       		.byte	0x77
 1005 0298 00       		.sleb128 0
 1006 0299 00       		.byte	0
 1007 029a 0A       		.uleb128 0xa
 1008 029b D6000000 		.4byte	.LVL29
 1009 029f FB060000 		.4byte	0x6fb
 1010 02a3 B4020000 		.4byte	0x2b4
 1011 02a7 0B       		.uleb128 0xb
 1012 02a8 01       		.uleb128 0x1
 1013 02a9 50       		.byte	0x50
 1014 02aa 02       		.uleb128 0x2
 1015 02ab 77       		.byte	0x77
 1016 02ac 00       		.sleb128 0
 1017 02ad 0B       		.uleb128 0xb
 1018 02ae 01       		.uleb128 0x1
 1019 02af 51       		.byte	0x51
 1020 02b0 02       		.uleb128 0x2
 1021 02b1 76       		.byte	0x76
 1022 02b2 00       		.sleb128 0
 1023 02b3 00       		.byte	0
 1024 02b4 0A       		.uleb128 0xa
 1025 02b5 E0000000 		.4byte	.LVL30
 1026 02b9 2E010000 		.4byte	0x12e
 1027 02bd D2020000 		.4byte	0x2d2
 1028 02c1 0B       		.uleb128 0xb
 1029 02c2 01       		.uleb128 0x1
 1030 02c3 50       		.byte	0x50
 1031 02c4 01       		.uleb128 0x1
 1032 02c5 35       		.byte	0x35
 1033 02c6 0B       		.uleb128 0xb
 1034 02c7 01       		.uleb128 0x1
 1035 02c8 51       		.byte	0x51
ARM GAS  C:\Users\Dell\AppData\Local\Temp\ccBjESAb.s 			page 23


 1036 02c9 01       		.uleb128 0x1
 1037 02ca 30       		.byte	0x30
 1038 02cb 0B       		.uleb128 0xb
 1039 02cc 01       		.uleb128 0x1
 1040 02cd 52       		.byte	0x52
 1041 02ce 02       		.uleb128 0x2
 1042 02cf 77       		.byte	0x77
 1043 02d0 00       		.sleb128 0
 1044 02d1 00       		.byte	0
 1045 02d2 09       		.uleb128 0x9
 1046 02d3 EC000000 		.4byte	.LVL32
 1047 02d7 11070000 		.4byte	0x711
 1048 02db 09       		.uleb128 0x9
 1049 02dc 2E010000 		.4byte	.LVL41
 1050 02e0 1C070000 		.4byte	0x71c
 1051 02e4 0A       		.uleb128 0xa
 1052 02e5 36010000 		.4byte	.LVL42
 1053 02e9 27070000 		.4byte	0x727
 1054 02ed F9020000 		.4byte	0x2f9
 1055 02f1 0B       		.uleb128 0xb
 1056 02f2 01       		.uleb128 0x1
 1057 02f3 50       		.byte	0x50
 1058 02f4 03       		.uleb128 0x3
 1059 02f5 0A       		.byte	0xa
 1060 02f6 E803     		.2byte	0x3e8
 1061 02f8 00       		.byte	0
 1062 02f9 0A       		.uleb128 0xa
 1063 02fa 4A010000 		.4byte	.LVL44
 1064 02fe FB060000 		.4byte	0x6fb
 1065 0302 16030000 		.4byte	0x316
 1066 0306 0B       		.uleb128 0xb
 1067 0307 01       		.uleb128 0x1
 1068 0308 50       		.byte	0x50
 1069 0309 02       		.uleb128 0x2
 1070 030a 75       		.byte	0x75
 1071 030b 00       		.sleb128 0
 1072 030c 0B       		.uleb128 0xb
 1073 030d 01       		.uleb128 0x1
 1074 030e 51       		.byte	0x51
 1075 030f 05       		.uleb128 0x5
 1076 0310 03       		.byte	0x3
 1077 0311 30000000 		.4byte	.LC4
 1078 0315 00       		.byte	0
 1079 0316 0A       		.uleb128 0xa
 1080 0317 54010000 		.4byte	.LVL45
 1081 031b 2E010000 		.4byte	0x12e
 1082 031f 34030000 		.4byte	0x334
 1083 0323 0B       		.uleb128 0xb
 1084 0324 01       		.uleb128 0x1
 1085 0325 50       		.byte	0x50
 1086 0326 01       		.uleb128 0x1
 1087 0327 30       		.byte	0x30
 1088 0328 0B       		.uleb128 0xb
 1089 0329 01       		.uleb128 0x1
 1090 032a 51       		.byte	0x51
 1091 032b 01       		.uleb128 0x1
 1092 032c 31       		.byte	0x31
ARM GAS  C:\Users\Dell\AppData\Local\Temp\ccBjESAb.s 			page 24


 1093 032d 0B       		.uleb128 0xb
 1094 032e 01       		.uleb128 0x1
 1095 032f 52       		.byte	0x52
 1096 0330 02       		.uleb128 0x2
 1097 0331 75       		.byte	0x75
 1098 0332 00       		.sleb128 0
 1099 0333 00       		.byte	0
 1100 0334 0A       		.uleb128 0xa
 1101 0335 5E010000 		.4byte	.LVL46
 1102 0339 2E010000 		.4byte	0x12e
 1103 033d 55030000 		.4byte	0x355
 1104 0341 0B       		.uleb128 0xb
 1105 0342 01       		.uleb128 0x1
 1106 0343 50       		.byte	0x50
 1107 0344 01       		.uleb128 0x1
 1108 0345 3C       		.byte	0x3c
 1109 0346 0B       		.uleb128 0xb
 1110 0347 01       		.uleb128 0x1
 1111 0348 51       		.byte	0x51
 1112 0349 01       		.uleb128 0x1
 1113 034a 31       		.byte	0x31
 1114 034b 0B       		.uleb128 0xb
 1115 034c 01       		.uleb128 0x1
 1116 034d 52       		.byte	0x52
 1117 034e 05       		.uleb128 0x5
 1118 034f 03       		.byte	0x3
 1119 0350 3C000000 		.4byte	.LC5
 1120 0354 00       		.byte	0
 1121 0355 0A       		.uleb128 0xa
 1122 0356 6A010000 		.4byte	.LVL47
 1123 035a 32070000 		.4byte	0x732
 1124 035e 68030000 		.4byte	0x368
 1125 0362 0B       		.uleb128 0xb
 1126 0363 01       		.uleb128 0x1
 1127 0364 50       		.byte	0x50
 1128 0365 01       		.uleb128 0x1
 1129 0366 31       		.byte	0x31
 1130 0367 00       		.byte	0
 1131 0368 0A       		.uleb128 0xa
 1132 0369 70010000 		.4byte	.LVL48
 1133 036d 3D070000 		.4byte	0x73d
 1134 0371 7B030000 		.4byte	0x37b
 1135 0375 0B       		.uleb128 0xb
 1136 0376 01       		.uleb128 0x1
 1137 0377 50       		.byte	0x50
 1138 0378 01       		.uleb128 0x1
 1139 0379 30       		.byte	0x30
 1140 037a 00       		.byte	0
 1141 037b 0A       		.uleb128 0xa
 1142 037c 7E010000 		.4byte	.LVL49
 1143 0380 32070000 		.4byte	0x732
 1144 0384 8E030000 		.4byte	0x38e
 1145 0388 0B       		.uleb128 0xb
 1146 0389 01       		.uleb128 0x1
 1147 038a 50       		.byte	0x50
 1148 038b 01       		.uleb128 0x1
 1149 038c 30       		.byte	0x30
ARM GAS  C:\Users\Dell\AppData\Local\Temp\ccBjESAb.s 			page 25


 1150 038d 00       		.byte	0
 1151 038e 0A       		.uleb128 0xa
 1152 038f 84010000 		.4byte	.LVL50
 1153 0393 3D070000 		.4byte	0x73d
 1154 0397 A1030000 		.4byte	0x3a1
 1155 039b 0B       		.uleb128 0xb
 1156 039c 01       		.uleb128 0x1
 1157 039d 50       		.byte	0x50
 1158 039e 01       		.uleb128 0x1
 1159 039f 31       		.byte	0x31
 1160 03a0 00       		.byte	0
 1161 03a1 0A       		.uleb128 0xa
 1162 03a2 92010000 		.4byte	.LVL51
 1163 03a6 32070000 		.4byte	0x732
 1164 03aa B4030000 		.4byte	0x3b4
 1165 03ae 0B       		.uleb128 0xb
 1166 03af 01       		.uleb128 0x1
 1167 03b0 50       		.byte	0x50
 1168 03b1 01       		.uleb128 0x1
 1169 03b2 30       		.byte	0x30
 1170 03b3 00       		.byte	0
 1171 03b4 0A       		.uleb128 0xa
 1172 03b5 98010000 		.4byte	.LVL52
 1173 03b9 3D070000 		.4byte	0x73d
 1174 03bd C7030000 		.4byte	0x3c7
 1175 03c1 0B       		.uleb128 0xb
 1176 03c2 01       		.uleb128 0x1
 1177 03c3 50       		.byte	0x50
 1178 03c4 01       		.uleb128 0x1
 1179 03c5 30       		.byte	0x30
 1180 03c6 00       		.byte	0
 1181 03c7 0A       		.uleb128 0xa
 1182 03c8 9E010000 		.4byte	.LVL53
 1183 03cc 1C070000 		.4byte	0x71c
 1184 03d0 DA030000 		.4byte	0x3da
 1185 03d4 0B       		.uleb128 0xb
 1186 03d5 01       		.uleb128 0x1
 1187 03d6 50       		.byte	0x50
 1188 03d7 01       		.uleb128 0x1
 1189 03d8 30       		.byte	0x30
 1190 03d9 00       		.byte	0
 1191 03da 09       		.uleb128 0x9
 1192 03db A2010000 		.4byte	.LVL54
 1193 03df 48070000 		.4byte	0x748
 1194 03e3 00       		.byte	0
 1195 03e4 10       		.uleb128 0x10
 1196 03e5 B9000000 		.4byte	.LASF71
 1197 03e9 01       		.byte	0x1
 1198 03ea 83       		.byte	0x83
 1199 03eb 68000000 		.4byte	0x68
 1200 03ef 00000000 		.4byte	.LFB68
 1201 03f3 60000000 		.4byte	.LFE68-.LFB68
 1202 03f7 01       		.uleb128 0x1
 1203 03f8 9C       		.byte	0x9c
 1204 03f9 C4040000 		.4byte	0x4c4
 1205 03fd 0A       		.uleb128 0xa
 1206 03fe 0A000000 		.4byte	.LVL55
ARM GAS  C:\Users\Dell\AppData\Local\Temp\ccBjESAb.s 			page 26


 1207 0402 53070000 		.4byte	0x753
 1208 0406 14040000 		.4byte	0x414
 1209 040a 0B       		.uleb128 0xb
 1210 040b 01       		.uleb128 0x1
 1211 040c 50       		.byte	0x50
 1212 040d 05       		.uleb128 0x5
 1213 040e 03       		.byte	0x3
 1214 040f 00000000 		.4byte	isrSerial
 1215 0413 00       		.byte	0
 1216 0414 0A       		.uleb128 0xa
 1217 0415 10000000 		.4byte	.LVL56
 1218 0419 5E070000 		.4byte	0x75e
 1219 041d 2B040000 		.4byte	0x42b
 1220 0421 0B       		.uleb128 0xb
 1221 0422 01       		.uleb128 0x1
 1222 0423 50       		.byte	0x50
 1223 0424 05       		.uleb128 0x5
 1224 0425 03       		.byte	0x3
 1225 0426 00000000 		.4byte	isrEncoder_A
 1226 042a 00       		.byte	0
 1227 042b 0A       		.uleb128 0xa
 1228 042c 16000000 		.4byte	.LVL57
 1229 0430 69070000 		.4byte	0x769
 1230 0434 42040000 		.4byte	0x442
 1231 0438 0B       		.uleb128 0xb
 1232 0439 01       		.uleb128 0x1
 1233 043a 50       		.byte	0x50
 1234 043b 05       		.uleb128 0x5
 1235 043c 03       		.byte	0x3
 1236 043d 00000000 		.4byte	isrTimer
 1237 0441 00       		.byte	0
 1238 0442 09       		.uleb128 0x9
 1239 0443 1A000000 		.4byte	.LVL58
 1240 0447 74070000 		.4byte	0x774
 1241 044b 09       		.uleb128 0x9
 1242 044c 1E000000 		.4byte	.LVL59
 1243 0450 C4060000 		.4byte	0x6c4
 1244 0454 09       		.uleb128 0x9
 1245 0455 22000000 		.4byte	.LVL60
 1246 0459 7F070000 		.4byte	0x77f
 1247 045d 09       		.uleb128 0x9
 1248 045e 26000000 		.4byte	.LVL61
 1249 0462 8A070000 		.4byte	0x78a
 1250 0466 09       		.uleb128 0x9
 1251 0467 2A000000 		.4byte	.LVL62
 1252 046b 95070000 		.4byte	0x795
 1253 046f 09       		.uleb128 0x9
 1254 0470 2E000000 		.4byte	.LVL63
 1255 0474 A0070000 		.4byte	0x7a0
 1256 0478 0A       		.uleb128 0xa
 1257 0479 3A000000 		.4byte	.LVL64
 1258 047d 2E010000 		.4byte	0x12e
 1259 0481 96040000 		.4byte	0x496
 1260 0485 0B       		.uleb128 0xb
 1261 0486 01       		.uleb128 0x1
 1262 0487 50       		.byte	0x50
 1263 0488 01       		.uleb128 0x1
ARM GAS  C:\Users\Dell\AppData\Local\Temp\ccBjESAb.s 			page 27


 1264 0489 30       		.byte	0x30
 1265 048a 0B       		.uleb128 0xb
 1266 048b 01       		.uleb128 0x1
 1267 048c 51       		.byte	0x51
 1268 048d 01       		.uleb128 0x1
 1269 048e 30       		.byte	0x30
 1270 048f 0B       		.uleb128 0xb
 1271 0490 01       		.uleb128 0x1
 1272 0491 52       		.byte	0x52
 1273 0492 02       		.uleb128 0x2
 1274 0493 74       		.byte	0x74
 1275 0494 00       		.sleb128 0
 1276 0495 00       		.byte	0
 1277 0496 0A       		.uleb128 0xa
 1278 0497 46000000 		.4byte	.LVL65
 1279 049b 2E010000 		.4byte	0x12e
 1280 049f B4040000 		.4byte	0x4b4
 1281 04a3 0B       		.uleb128 0xb
 1282 04a4 01       		.uleb128 0x1
 1283 04a5 50       		.byte	0x50
 1284 04a6 01       		.uleb128 0x1
 1285 04a7 30       		.byte	0x30
 1286 04a8 0B       		.uleb128 0xb
 1287 04a9 01       		.uleb128 0x1
 1288 04aa 51       		.byte	0x51
 1289 04ab 01       		.uleb128 0x1
 1290 04ac 31       		.byte	0x31
 1291 04ad 0B       		.uleb128 0xb
 1292 04ae 01       		.uleb128 0x1
 1293 04af 52       		.byte	0x52
 1294 04b0 02       		.uleb128 0x2
 1295 04b1 74       		.byte	0x74
 1296 04b2 10       		.sleb128 16
 1297 04b3 00       		.byte	0
 1298 04b4 0F       		.uleb128 0xf
 1299 04b5 4C000000 		.4byte	.LVL66
 1300 04b9 1C070000 		.4byte	0x71c
 1301 04bd 0B       		.uleb128 0xb
 1302 04be 01       		.uleb128 0x1
 1303 04bf 50       		.byte	0x50
 1304 04c0 01       		.uleb128 0x1
 1305 04c1 30       		.byte	0x30
 1306 04c2 00       		.byte	0
 1307 04c3 00       		.byte	0
 1308 04c4 11       		.uleb128 0x11
 1309 04c5 6D030000 		.4byte	.LASF24
 1310 04c9 05       		.byte	0x5
 1311 04ca 1207     		.2byte	0x712
 1312 04cc D0040000 		.4byte	0x4d0
 1313 04d0 12       		.uleb128 0x12
 1314 04d1 76000000 		.4byte	0x76
 1315 04d5 13       		.uleb128 0x13
 1316 04d6 B3000000 		.4byte	0xb3
 1317 04da E5040000 		.4byte	0x4e5
 1318 04de 14       		.uleb128 0x14
 1319 04df C1000000 		.4byte	0xc1
 1320 04e3 08       		.byte	0x8
ARM GAS  C:\Users\Dell\AppData\Local\Temp\ccBjESAb.s 			page 28


 1321 04e4 00       		.byte	0
 1322 04e5 15       		.uleb128 0x15
 1323 04e6 76020000 		.4byte	.LASF25
 1324 04ea 01       		.byte	0x1
 1325 04eb 07       		.byte	0x7
 1326 04ec D5040000 		.4byte	0x4d5
 1327 04f0 05       		.uleb128 0x5
 1328 04f1 03       		.byte	0x3
 1329 04f2 00000000 		.4byte	bufferReceive
 1330 04f6 13       		.uleb128 0x13
 1331 04f7 B3000000 		.4byte	0xb3
 1332 04fb 06050000 		.4byte	0x506
 1333 04ff 14       		.uleb128 0x14
 1334 0500 C1000000 		.4byte	0xc1
 1335 0504 13       		.byte	0x13
 1336 0505 00       		.byte	0
 1337 0506 15       		.uleb128 0x15
 1338 0507 35010000 		.4byte	.LASF26
 1339 050b 01       		.byte	0x1
 1340 050c 08       		.byte	0x8
 1341 050d F6040000 		.4byte	0x4f6
 1342 0511 05       		.uleb128 0x5
 1343 0512 03       		.byte	0x3
 1344 0513 00000000 		.4byte	bufferToSend_PWM
 1345 0517 15       		.uleb128 0x15
 1346 0518 29030000 		.4byte	.LASF27
 1347 051c 01       		.byte	0x1
 1348 051d 09       		.byte	0x9
 1349 051e F6040000 		.4byte	0x4f6
 1350 0522 05       		.uleb128 0x5
 1351 0523 03       		.byte	0x3
 1352 0524 00000000 		.4byte	bufferToSend_Pos
 1353 0528 15       		.uleb128 0x15
 1354 0529 F6020000 		.4byte	.LASF28
 1355 052d 01       		.byte	0x1
 1356 052e 0A       		.byte	0xa
 1357 052f 68000000 		.4byte	0x68
 1358 0533 05       		.uleb128 0x5
 1359 0534 03       		.byte	0x3
 1360 0535 00000000 		.4byte	count
 1361 0539 13       		.uleb128 0x13
 1362 053a B3000000 		.4byte	0xb3
 1363 053e 49050000 		.4byte	0x549
 1364 0542 14       		.uleb128 0x14
 1365 0543 C1000000 		.4byte	0xc1
 1366 0547 02       		.byte	0x2
 1367 0548 00       		.byte	0
 1368 0549 15       		.uleb128 0x15
 1369 054a D9020000 		.4byte	.LASF29
 1370 054e 01       		.byte	0x1
 1371 054f 0B       		.byte	0xb
 1372 0550 39050000 		.4byte	0x539
 1373 0554 05       		.uleb128 0x5
 1374 0555 03       		.byte	0x3
 1375 0556 00000000 		.4byte	RPM_value_String
 1376 055a 15       		.uleb128 0x15
 1377 055b 24020000 		.4byte	.LASF30
ARM GAS  C:\Users\Dell\AppData\Local\Temp\ccBjESAb.s 			page 29


 1378 055f 01       		.byte	0x1
 1379 0560 0C       		.byte	0xc
 1380 0561 99000000 		.4byte	0x99
 1381 0565 05       		.uleb128 0x5
 1382 0566 03       		.byte	0x3
 1383 0567 00000000 		.4byte	RPM_receive
 1384 056b 15       		.uleb128 0x15
 1385 056c 3A040000 		.4byte	.LASF31
 1386 0570 01       		.byte	0x1
 1387 0571 0D       		.byte	0xd
 1388 0572 39050000 		.4byte	0x539
 1389 0576 05       		.uleb128 0x5
 1390 0577 03       		.byte	0x3
 1391 0578 00000000 		.4byte	Pos_value_String
 1392 057c 15       		.uleb128 0x15
 1393 057d 6F000000 		.4byte	.LASF32
 1394 0581 01       		.byte	0x1
 1395 0582 0E       		.byte	0xe
 1396 0583 99000000 		.4byte	0x99
 1397 0587 05       		.uleb128 0x5
 1398 0588 03       		.byte	0x3
 1399 0589 00000000 		.4byte	position_receive
 1400 058d 13       		.uleb128 0x13
 1401 058e B3000000 		.4byte	0xb3
 1402 0592 9D050000 		.4byte	0x59d
 1403 0596 14       		.uleb128 0x14
 1404 0597 C1000000 		.4byte	0xc1
 1405 059b 0F       		.byte	0xf
 1406 059c 00       		.byte	0
 1407 059d 15       		.uleb128 0x15
 1408 059e 06000000 		.4byte	.LASF33
 1409 05a2 01       		.byte	0x1
 1410 05a3 10       		.byte	0x10
 1411 05a4 8D050000 		.4byte	0x58d
 1412 05a8 05       		.uleb128 0x5
 1413 05a9 03       		.byte	0x3
 1414 05aa 00000000 		.4byte	position_String
 1415 05ae 15       		.uleb128 0x15
 1416 05af 2A010000 		.4byte	.LASF34
 1417 05b3 01       		.byte	0x1
 1418 05b4 11       		.byte	0x11
 1419 05b5 8D050000 		.4byte	0x58d
 1420 05b9 05       		.uleb128 0x5
 1421 05ba 03       		.byte	0x3
 1422 05bb 00000000 		.4byte	RPM_String
 1423 05bf 15       		.uleb128 0x15
 1424 05c0 3A030000 		.4byte	.LASF35
 1425 05c4 01       		.byte	0x1
 1426 05c5 13       		.byte	0x13
 1427 05c6 81000000 		.4byte	0x81
 1428 05ca 05       		.uleb128 0x5
 1429 05cb 03       		.byte	0x3
 1430 05cc 00000000 		.4byte	int_Capture_flag
 1431 05d0 15       		.uleb128 0x15
 1432 05d1 4B040000 		.4byte	.LASF36
 1433 05d5 01       		.byte	0x1
 1434 05d6 14       		.byte	0x14
ARM GAS  C:\Users\Dell\AppData\Local\Temp\ccBjESAb.s 			page 30


 1435 05d7 8D000000 		.4byte	0x8d
 1436 05db 05       		.uleb128 0x5
 1437 05dc 03       		.byte	0x3
 1438 05dd 00000000 		.4byte	interruptions_a
 1439 05e1 15       		.uleb128 0x15
 1440 05e2 A6020000 		.4byte	.LASF37
 1441 05e6 01       		.byte	0x1
 1442 05e7 15       		.byte	0x15
 1443 05e8 8D000000 		.4byte	0x8d
 1444 05ec 05       		.uleb128 0x5
 1445 05ed 03       		.byte	0x3
 1446 05ee 00000000 		.4byte	capture
 1447 05f2 16       		.uleb128 0x16
 1448 05f3 52504D00 		.ascii	"RPM\000"
 1449 05f7 01       		.byte	0x1
 1450 05f8 16       		.byte	0x16
 1451 05f9 A5000000 		.4byte	0xa5
 1452 05fd 05       		.uleb128 0x5
 1453 05fe 03       		.byte	0x3
 1454 05ff 00000000 		.4byte	RPM
 1455 0603 13       		.uleb128 0x13
 1456 0604 B3000000 		.4byte	0xb3
 1457 0608 13060000 		.4byte	0x613
 1458 060c 14       		.uleb128 0x14
 1459 060d C1000000 		.4byte	0xc1
 1460 0611 05       		.byte	0x5
 1461 0612 00       		.byte	0
 1462 0613 15       		.uleb128 0x15
 1463 0614 BC010000 		.4byte	.LASF38
 1464 0618 01       		.byte	0x1
 1465 0619 19       		.byte	0x19
 1466 061a 03060000 		.4byte	0x603
 1467 061e 05       		.uleb128 0x5
 1468 061f 03       		.byte	0x3
 1469 0620 00000000 		.4byte	RPM_reading
 1470 0624 16       		.uleb128 0x16
 1471 0625 50574D00 		.ascii	"PWM\000"
 1472 0629 01       		.byte	0x1
 1473 062a 1A       		.byte	0x1a
 1474 062b A5000000 		.4byte	0xa5
 1475 062f 05       		.uleb128 0x5
 1476 0630 03       		.byte	0x3
 1477 0631 00000000 		.4byte	PWM
 1478 0635 15       		.uleb128 0x15
 1479 0636 8A000000 		.4byte	.LASF39
 1480 063a 01       		.byte	0x1
 1481 063b 1B       		.byte	0x1b
 1482 063c A5000000 		.4byte	0xa5
 1483 0640 05       		.uleb128 0x5
 1484 0641 03       		.byte	0x3
 1485 0642 00000000 		.4byte	PWM_final
 1486 0646 15       		.uleb128 0x15
 1487 0647 54020000 		.4byte	.LASF40
 1488 064b 01       		.byte	0x1
 1489 064c 1E       		.byte	0x1e
 1490 064d A5000000 		.4byte	0xa5
 1491 0651 05       		.uleb128 0x5
ARM GAS  C:\Users\Dell\AppData\Local\Temp\ccBjESAb.s 			page 31


 1492 0652 03       		.byte	0x3
 1493 0653 00000000 		.4byte	distance
 1494 0657 15       		.uleb128 0x15
 1495 0658 93010000 		.4byte	.LASF41
 1496 065c 01       		.byte	0x1
 1497 065d 1F       		.byte	0x1f
 1498 065e A5000000 		.4byte	0xa5
 1499 0662 05       		.uleb128 0x5
 1500 0663 03       		.byte	0x3
 1501 0664 00000000 		.4byte	distance_final
 1502 0668 13       		.uleb128 0x13
 1503 0669 B3000000 		.4byte	0xb3
 1504 066d 78060000 		.4byte	0x678
 1505 0671 14       		.uleb128 0x14
 1506 0672 C1000000 		.4byte	0xc1
 1507 0676 09       		.byte	0x9
 1508 0677 00       		.byte	0
 1509 0678 15       		.uleb128 0x15
 1510 0679 DE000000 		.4byte	.LASF42
 1511 067d 01       		.byte	0x1
 1512 067e 20       		.byte	0x20
 1513 067f 68060000 		.4byte	0x668
 1514 0683 05       		.uleb128 0x5
 1515 0684 03       		.byte	0x3
 1516 0685 00000000 		.4byte	PUL_reading
 1517 0689 16       		.uleb128 0x16
 1518 068a 6A00     		.ascii	"j\000"
 1519 068c 01       		.byte	0x1
 1520 068d 27       		.byte	0x27
 1521 068e 68000000 		.4byte	0x68
 1522 0692 05       		.uleb128 0x5
 1523 0693 03       		.byte	0x3
 1524 0694 00000000 		.4byte	j
 1525 0698 17       		.uleb128 0x17
 1526 0699 AE020000 		.4byte	.LASF43
 1527 069d AE020000 		.4byte	.LASF43
 1528 06a1 06       		.byte	0x6
 1529 06a2 29       		.byte	0x29
 1530 06a3 17       		.uleb128 0x17
 1531 06a4 72010000 		.4byte	.LASF44
 1532 06a8 72010000 		.4byte	.LASF44
 1533 06ac 06       		.byte	0x6
 1534 06ad 26       		.byte	0x26
 1535 06ae 17       		.uleb128 0x17
 1536 06af EA000000 		.4byte	.LASF45
 1537 06b3 EA000000 		.4byte	.LASF45
 1538 06b7 07       		.byte	0x7
 1539 06b8 5B       		.byte	0x5b
 1540 06b9 17       		.uleb128 0x17
 1541 06ba 01010000 		.4byte	.LASF46
 1542 06be 01010000 		.4byte	.LASF46
 1543 06c2 07       		.byte	0x7
 1544 06c3 68       		.byte	0x68
 1545 06c4 17       		.uleb128 0x17
 1546 06c5 5D010000 		.4byte	.LASF47
 1547 06c9 5D010000 		.4byte	.LASF47
 1548 06cd 07       		.byte	0x7
ARM GAS  C:\Users\Dell\AppData\Local\Temp\ccBjESAb.s 			page 32


 1549 06ce 5A       		.byte	0x5a
 1550 06cf 17       		.uleb128 0x17
 1551 06d0 00020000 		.4byte	.LASF48
 1552 06d4 00020000 		.4byte	.LASF48
 1553 06d8 08       		.byte	0x8
 1554 06d9 70       		.byte	0x70
 1555 06da 17       		.uleb128 0x17
 1556 06db 1C010000 		.4byte	.LASF49
 1557 06df 1C010000 		.4byte	.LASF49
 1558 06e3 08       		.byte	0x8
 1559 06e4 74       		.byte	0x74
 1560 06e5 17       		.uleb128 0x17
 1561 06e6 9D000000 		.4byte	.LASF50
 1562 06ea 9D000000 		.4byte	.LASF50
 1563 06ee 09       		.byte	0x9
 1564 06ef 73       		.byte	0x73
 1565 06f0 17       		.uleb128 0x17
 1566 06f1 62020000 		.4byte	.LASF51
 1567 06f5 62020000 		.4byte	.LASF51
 1568 06f9 09       		.byte	0x9
 1569 06fa 71       		.byte	0x71
 1570 06fb 17       		.uleb128 0x17
 1571 06fc C8010000 		.4byte	.LASF52
 1572 0700 C8010000 		.4byte	.LASF52
 1573 0704 0A       		.byte	0xa
 1574 0705 E7       		.byte	0xe7
 1575 0706 17       		.uleb128 0x17
 1576 0707 C8000000 		.4byte	.LASF53
 1577 070b C8000000 		.4byte	.LASF53
 1578 070f 09       		.byte	0x9
 1579 0710 8B       		.byte	0x8b
 1580 0711 18       		.uleb128 0x18
 1581 0712 6C6F6700 		.ascii	"log\000"
 1582 0716 6C6F6700 		.ascii	"log\000"
 1583 071a 14       		.byte	0x14
 1584 071b 84       		.byte	0x84
 1585 071c 17       		.uleb128 0x17
 1586 071d 30020000 		.4byte	.LASF54
 1587 0721 30020000 		.4byte	.LASF54
 1588 0725 0B       		.byte	0xb
 1589 0726 C3       		.byte	0xc3
 1590 0727 17       		.uleb128 0x17
 1591 0728 08040000 		.4byte	.LASF55
 1592 072c 08040000 		.4byte	.LASF55
 1593 0730 0C       		.byte	0xc
 1594 0731 76       		.byte	0x76
 1595 0732 17       		.uleb128 0x17
 1596 0733 06030000 		.4byte	.LASF56
 1597 0737 06030000 		.4byte	.LASF56
 1598 073b 0D       		.byte	0xd
 1599 073c 26       		.byte	0x26
 1600 073d 17       		.uleb128 0x17
 1601 073e 61030000 		.4byte	.LASF57
 1602 0742 61030000 		.4byte	.LASF57
 1603 0746 0E       		.byte	0xe
 1604 0747 26       		.byte	0x26
 1605 0748 17       		.uleb128 0x17
ARM GAS  C:\Users\Dell\AppData\Local\Temp\ccBjESAb.s 			page 33


 1606 0749 8C020000 		.4byte	.LASF58
 1607 074d 8C020000 		.4byte	.LASF58
 1608 0751 09       		.byte	0x9
 1609 0752 75       		.byte	0x75
 1610 0753 17       		.uleb128 0x17
 1611 0754 1A040000 		.4byte	.LASF59
 1612 0758 1A040000 		.4byte	.LASF59
 1613 075c 0F       		.byte	0xf
 1614 075d 18       		.byte	0x18
 1615 075e 17       		.uleb128 0x17
 1616 075f 4B030000 		.4byte	.LASF60
 1617 0763 4B030000 		.4byte	.LASF60
 1618 0767 10       		.byte	0x10
 1619 0768 18       		.byte	0x18
 1620 0769 17       		.uleb128 0x17
 1621 076a 81010000 		.4byte	.LASF61
 1622 076e 81010000 		.4byte	.LASF61
 1623 0772 11       		.byte	0x11
 1624 0773 18       		.byte	0x18
 1625 0774 17       		.uleb128 0x17
 1626 0775 5B040000 		.4byte	.LASF62
 1627 0779 5B040000 		.4byte	.LASF62
 1628 077d 09       		.byte	0x9
 1629 077e 54       		.byte	0x54
 1630 077f 17       		.uleb128 0x17
 1631 0780 10040000 		.4byte	.LASF63
 1632 0784 10040000 		.4byte	.LASF63
 1633 0788 12       		.byte	0x12
 1634 0789 93       		.byte	0x93
 1635 078a 17       		.uleb128 0x17
 1636 078b 1B030000 		.4byte	.LASF64
 1637 078f 1B030000 		.4byte	.LASF64
 1638 0793 08       		.byte	0x8
 1639 0794 31       		.byte	0x31
 1640 0795 17       		.uleb128 0x17
 1641 0796 EA020000 		.4byte	.LASF65
 1642 079a EA020000 		.4byte	.LASF65
 1643 079e 13       		.byte	0x13
 1644 079f 27       		.byte	0x27
 1645 07a0 17       		.uleb128 0x17
 1646 07a1 11030000 		.4byte	.LASF66
 1647 07a5 11030000 		.4byte	.LASF66
 1648 07a9 0B       		.byte	0xb
 1649 07aa 92       		.byte	0x92
 1650 07ab 00       		.byte	0
 1651              		.section	.debug_abbrev,"",%progbits
 1652              	.Ldebug_abbrev0:
 1653 0000 01       		.uleb128 0x1
 1654 0001 11       		.uleb128 0x11
 1655 0002 01       		.byte	0x1
 1656 0003 25       		.uleb128 0x25
 1657 0004 0E       		.uleb128 0xe
 1658 0005 13       		.uleb128 0x13
 1659 0006 0B       		.uleb128 0xb
 1660 0007 03       		.uleb128 0x3
 1661 0008 0E       		.uleb128 0xe
 1662 0009 1B       		.uleb128 0x1b
ARM GAS  C:\Users\Dell\AppData\Local\Temp\ccBjESAb.s 			page 34


 1663 000a 0E       		.uleb128 0xe
 1664 000b 55       		.uleb128 0x55
 1665 000c 17       		.uleb128 0x17
 1666 000d 11       		.uleb128 0x11
 1667 000e 01       		.uleb128 0x1
 1668 000f 10       		.uleb128 0x10
 1669 0010 17       		.uleb128 0x17
 1670 0011 00       		.byte	0
 1671 0012 00       		.byte	0
 1672 0013 02       		.uleb128 0x2
 1673 0014 24       		.uleb128 0x24
 1674 0015 00       		.byte	0
 1675 0016 0B       		.uleb128 0xb
 1676 0017 0B       		.uleb128 0xb
 1677 0018 3E       		.uleb128 0x3e
 1678 0019 0B       		.uleb128 0xb
 1679 001a 03       		.uleb128 0x3
 1680 001b 0E       		.uleb128 0xe
 1681 001c 00       		.byte	0
 1682 001d 00       		.byte	0
 1683 001e 03       		.uleb128 0x3
 1684 001f 16       		.uleb128 0x16
 1685 0020 00       		.byte	0
 1686 0021 03       		.uleb128 0x3
 1687 0022 0E       		.uleb128 0xe
 1688 0023 3A       		.uleb128 0x3a
 1689 0024 0B       		.uleb128 0xb
 1690 0025 3B       		.uleb128 0x3b
 1691 0026 0B       		.uleb128 0xb
 1692 0027 49       		.uleb128 0x49
 1693 0028 13       		.uleb128 0x13
 1694 0029 00       		.byte	0
 1695 002a 00       		.byte	0
 1696 002b 04       		.uleb128 0x4
 1697 002c 24       		.uleb128 0x24
 1698 002d 00       		.byte	0
 1699 002e 0B       		.uleb128 0xb
 1700 002f 0B       		.uleb128 0xb
 1701 0030 3E       		.uleb128 0x3e
 1702 0031 0B       		.uleb128 0xb
 1703 0032 03       		.uleb128 0x3
 1704 0033 08       		.uleb128 0x8
 1705 0034 00       		.byte	0
 1706 0035 00       		.byte	0
 1707 0036 05       		.uleb128 0x5
 1708 0037 16       		.uleb128 0x16
 1709 0038 00       		.byte	0
 1710 0039 03       		.uleb128 0x3
 1711 003a 0E       		.uleb128 0xe
 1712 003b 3A       		.uleb128 0x3a
 1713 003c 0B       		.uleb128 0xb
 1714 003d 3B       		.uleb128 0x3b
 1715 003e 05       		.uleb128 0x5
 1716 003f 49       		.uleb128 0x49
 1717 0040 13       		.uleb128 0x13
 1718 0041 00       		.byte	0
 1719 0042 00       		.byte	0
ARM GAS  C:\Users\Dell\AppData\Local\Temp\ccBjESAb.s 			page 35


 1720 0043 06       		.uleb128 0x6
 1721 0044 0F       		.uleb128 0xf
 1722 0045 00       		.byte	0
 1723 0046 0B       		.uleb128 0xb
 1724 0047 0B       		.uleb128 0xb
 1725 0048 49       		.uleb128 0x49
 1726 0049 13       		.uleb128 0x13
 1727 004a 00       		.byte	0
 1728 004b 00       		.byte	0
 1729 004c 07       		.uleb128 0x7
 1730 004d 2E       		.uleb128 0x2e
 1731 004e 00       		.byte	0
 1732 004f 3F       		.uleb128 0x3f
 1733 0050 19       		.uleb128 0x19
 1734 0051 03       		.uleb128 0x3
 1735 0052 0E       		.uleb128 0xe
 1736 0053 3A       		.uleb128 0x3a
 1737 0054 0B       		.uleb128 0xb
 1738 0055 3B       		.uleb128 0x3b
 1739 0056 0B       		.uleb128 0xb
 1740 0057 27       		.uleb128 0x27
 1741 0058 19       		.uleb128 0x19
 1742 0059 11       		.uleb128 0x11
 1743 005a 01       		.uleb128 0x1
 1744 005b 12       		.uleb128 0x12
 1745 005c 06       		.uleb128 0x6
 1746 005d 40       		.uleb128 0x40
 1747 005e 18       		.uleb128 0x18
 1748 005f 9742     		.uleb128 0x2117
 1749 0061 19       		.uleb128 0x19
 1750 0062 00       		.byte	0
 1751 0063 00       		.byte	0
 1752 0064 08       		.uleb128 0x8
 1753 0065 2E       		.uleb128 0x2e
 1754 0066 01       		.byte	0x1
 1755 0067 3F       		.uleb128 0x3f
 1756 0068 19       		.uleb128 0x19
 1757 0069 03       		.uleb128 0x3
 1758 006a 0E       		.uleb128 0xe
 1759 006b 3A       		.uleb128 0x3a
 1760 006c 0B       		.uleb128 0xb
 1761 006d 3B       		.uleb128 0x3b
 1762 006e 0B       		.uleb128 0xb
 1763 006f 27       		.uleb128 0x27
 1764 0070 19       		.uleb128 0x19
 1765 0071 11       		.uleb128 0x11
 1766 0072 01       		.uleb128 0x1
 1767 0073 12       		.uleb128 0x12
 1768 0074 06       		.uleb128 0x6
 1769 0075 40       		.uleb128 0x40
 1770 0076 18       		.uleb128 0x18
 1771 0077 9642     		.uleb128 0x2116
 1772 0079 19       		.uleb128 0x19
 1773 007a 01       		.uleb128 0x1
 1774 007b 13       		.uleb128 0x13
 1775 007c 00       		.byte	0
 1776 007d 00       		.byte	0
ARM GAS  C:\Users\Dell\AppData\Local\Temp\ccBjESAb.s 			page 36


 1777 007e 09       		.uleb128 0x9
 1778 007f 898201   		.uleb128 0x4109
 1779 0082 00       		.byte	0
 1780 0083 11       		.uleb128 0x11
 1781 0084 01       		.uleb128 0x1
 1782 0085 31       		.uleb128 0x31
 1783 0086 13       		.uleb128 0x13
 1784 0087 00       		.byte	0
 1785 0088 00       		.byte	0
 1786 0089 0A       		.uleb128 0xa
 1787 008a 898201   		.uleb128 0x4109
 1788 008d 01       		.byte	0x1
 1789 008e 11       		.uleb128 0x11
 1790 008f 01       		.uleb128 0x1
 1791 0090 31       		.uleb128 0x31
 1792 0091 13       		.uleb128 0x13
 1793 0092 01       		.uleb128 0x1
 1794 0093 13       		.uleb128 0x13
 1795 0094 00       		.byte	0
 1796 0095 00       		.byte	0
 1797 0096 0B       		.uleb128 0xb
 1798 0097 8A8201   		.uleb128 0x410a
 1799 009a 00       		.byte	0
 1800 009b 02       		.uleb128 0x2
 1801 009c 18       		.uleb128 0x18
 1802 009d 9142     		.uleb128 0x2111
 1803 009f 18       		.uleb128 0x18
 1804 00a0 00       		.byte	0
 1805 00a1 00       		.byte	0
 1806 00a2 0C       		.uleb128 0xc
 1807 00a3 2E       		.uleb128 0x2e
 1808 00a4 01       		.byte	0x1
 1809 00a5 3F       		.uleb128 0x3f
 1810 00a6 19       		.uleb128 0x19
 1811 00a7 03       		.uleb128 0x3
 1812 00a8 0E       		.uleb128 0xe
 1813 00a9 3A       		.uleb128 0x3a
 1814 00aa 0B       		.uleb128 0xb
 1815 00ab 3B       		.uleb128 0x3b
 1816 00ac 0B       		.uleb128 0xb
 1817 00ad 27       		.uleb128 0x27
 1818 00ae 19       		.uleb128 0x19
 1819 00af 11       		.uleb128 0x11
 1820 00b0 01       		.uleb128 0x1
 1821 00b1 12       		.uleb128 0x12
 1822 00b2 06       		.uleb128 0x6
 1823 00b3 40       		.uleb128 0x40
 1824 00b4 18       		.uleb128 0x18
 1825 00b5 9742     		.uleb128 0x2117
 1826 00b7 19       		.uleb128 0x19
 1827 00b8 01       		.uleb128 0x1
 1828 00b9 13       		.uleb128 0x13
 1829 00ba 00       		.byte	0
 1830 00bb 00       		.byte	0
 1831 00bc 0D       		.uleb128 0xd
 1832 00bd 05       		.uleb128 0x5
 1833 00be 00       		.byte	0
ARM GAS  C:\Users\Dell\AppData\Local\Temp\ccBjESAb.s 			page 37


 1834 00bf 03       		.uleb128 0x3
 1835 00c0 0E       		.uleb128 0xe
 1836 00c1 3A       		.uleb128 0x3a
 1837 00c2 0B       		.uleb128 0xb
 1838 00c3 3B       		.uleb128 0x3b
 1839 00c4 0B       		.uleb128 0xb
 1840 00c5 49       		.uleb128 0x49
 1841 00c6 13       		.uleb128 0x13
 1842 00c7 02       		.uleb128 0x2
 1843 00c8 17       		.uleb128 0x17
 1844 00c9 00       		.byte	0
 1845 00ca 00       		.byte	0
 1846 00cb 0E       		.uleb128 0xe
 1847 00cc 05       		.uleb128 0x5
 1848 00cd 00       		.byte	0
 1849 00ce 03       		.uleb128 0x3
 1850 00cf 08       		.uleb128 0x8
 1851 00d0 3A       		.uleb128 0x3a
 1852 00d1 0B       		.uleb128 0xb
 1853 00d2 3B       		.uleb128 0x3b
 1854 00d3 0B       		.uleb128 0xb
 1855 00d4 49       		.uleb128 0x49
 1856 00d5 13       		.uleb128 0x13
 1857 00d6 02       		.uleb128 0x2
 1858 00d7 17       		.uleb128 0x17
 1859 00d8 00       		.byte	0
 1860 00d9 00       		.byte	0
 1861 00da 0F       		.uleb128 0xf
 1862 00db 898201   		.uleb128 0x4109
 1863 00de 01       		.byte	0x1
 1864 00df 11       		.uleb128 0x11
 1865 00e0 01       		.uleb128 0x1
 1866 00e1 31       		.uleb128 0x31
 1867 00e2 13       		.uleb128 0x13
 1868 00e3 00       		.byte	0
 1869 00e4 00       		.byte	0
 1870 00e5 10       		.uleb128 0x10
 1871 00e6 2E       		.uleb128 0x2e
 1872 00e7 01       		.byte	0x1
 1873 00e8 3F       		.uleb128 0x3f
 1874 00e9 19       		.uleb128 0x19
 1875 00ea 03       		.uleb128 0x3
 1876 00eb 0E       		.uleb128 0xe
 1877 00ec 3A       		.uleb128 0x3a
 1878 00ed 0B       		.uleb128 0xb
 1879 00ee 3B       		.uleb128 0x3b
 1880 00ef 0B       		.uleb128 0xb
 1881 00f0 27       		.uleb128 0x27
 1882 00f1 19       		.uleb128 0x19
 1883 00f2 49       		.uleb128 0x49
 1884 00f3 13       		.uleb128 0x13
 1885 00f4 8701     		.uleb128 0x87
 1886 00f6 19       		.uleb128 0x19
 1887 00f7 11       		.uleb128 0x11
 1888 00f8 01       		.uleb128 0x1
 1889 00f9 12       		.uleb128 0x12
 1890 00fa 06       		.uleb128 0x6
ARM GAS  C:\Users\Dell\AppData\Local\Temp\ccBjESAb.s 			page 38


 1891 00fb 40       		.uleb128 0x40
 1892 00fc 18       		.uleb128 0x18
 1893 00fd 9742     		.uleb128 0x2117
 1894 00ff 19       		.uleb128 0x19
 1895 0100 01       		.uleb128 0x1
 1896 0101 13       		.uleb128 0x13
 1897 0102 00       		.byte	0
 1898 0103 00       		.byte	0
 1899 0104 11       		.uleb128 0x11
 1900 0105 34       		.uleb128 0x34
 1901 0106 00       		.byte	0
 1902 0107 03       		.uleb128 0x3
 1903 0108 0E       		.uleb128 0xe
 1904 0109 3A       		.uleb128 0x3a
 1905 010a 0B       		.uleb128 0xb
 1906 010b 3B       		.uleb128 0x3b
 1907 010c 05       		.uleb128 0x5
 1908 010d 49       		.uleb128 0x49
 1909 010e 13       		.uleb128 0x13
 1910 010f 3F       		.uleb128 0x3f
 1911 0110 19       		.uleb128 0x19
 1912 0111 3C       		.uleb128 0x3c
 1913 0112 19       		.uleb128 0x19
 1914 0113 00       		.byte	0
 1915 0114 00       		.byte	0
 1916 0115 12       		.uleb128 0x12
 1917 0116 35       		.uleb128 0x35
 1918 0117 00       		.byte	0
 1919 0118 49       		.uleb128 0x49
 1920 0119 13       		.uleb128 0x13
 1921 011a 00       		.byte	0
 1922 011b 00       		.byte	0
 1923 011c 13       		.uleb128 0x13
 1924 011d 01       		.uleb128 0x1
 1925 011e 01       		.byte	0x1
 1926 011f 49       		.uleb128 0x49
 1927 0120 13       		.uleb128 0x13
 1928 0121 01       		.uleb128 0x1
 1929 0122 13       		.uleb128 0x13
 1930 0123 00       		.byte	0
 1931 0124 00       		.byte	0
 1932 0125 14       		.uleb128 0x14
 1933 0126 21       		.uleb128 0x21
 1934 0127 00       		.byte	0
 1935 0128 49       		.uleb128 0x49
 1936 0129 13       		.uleb128 0x13
 1937 012a 2F       		.uleb128 0x2f
 1938 012b 0B       		.uleb128 0xb
 1939 012c 00       		.byte	0
 1940 012d 00       		.byte	0
 1941 012e 15       		.uleb128 0x15
 1942 012f 34       		.uleb128 0x34
 1943 0130 00       		.byte	0
 1944 0131 03       		.uleb128 0x3
 1945 0132 0E       		.uleb128 0xe
 1946 0133 3A       		.uleb128 0x3a
 1947 0134 0B       		.uleb128 0xb
ARM GAS  C:\Users\Dell\AppData\Local\Temp\ccBjESAb.s 			page 39


 1948 0135 3B       		.uleb128 0x3b
 1949 0136 0B       		.uleb128 0xb
 1950 0137 49       		.uleb128 0x49
 1951 0138 13       		.uleb128 0x13
 1952 0139 3F       		.uleb128 0x3f
 1953 013a 19       		.uleb128 0x19
 1954 013b 02       		.uleb128 0x2
 1955 013c 18       		.uleb128 0x18
 1956 013d 00       		.byte	0
 1957 013e 00       		.byte	0
 1958 013f 16       		.uleb128 0x16
 1959 0140 34       		.uleb128 0x34
 1960 0141 00       		.byte	0
 1961 0142 03       		.uleb128 0x3
 1962 0143 08       		.uleb128 0x8
 1963 0144 3A       		.uleb128 0x3a
 1964 0145 0B       		.uleb128 0xb
 1965 0146 3B       		.uleb128 0x3b
 1966 0147 0B       		.uleb128 0xb
 1967 0148 49       		.uleb128 0x49
 1968 0149 13       		.uleb128 0x13
 1969 014a 3F       		.uleb128 0x3f
 1970 014b 19       		.uleb128 0x19
 1971 014c 02       		.uleb128 0x2
 1972 014d 18       		.uleb128 0x18
 1973 014e 00       		.byte	0
 1974 014f 00       		.byte	0
 1975 0150 17       		.uleb128 0x17
 1976 0151 2E       		.uleb128 0x2e
 1977 0152 00       		.byte	0
 1978 0153 3F       		.uleb128 0x3f
 1979 0154 19       		.uleb128 0x19
 1980 0155 3C       		.uleb128 0x3c
 1981 0156 19       		.uleb128 0x19
 1982 0157 6E       		.uleb128 0x6e
 1983 0158 0E       		.uleb128 0xe
 1984 0159 03       		.uleb128 0x3
 1985 015a 0E       		.uleb128 0xe
 1986 015b 3A       		.uleb128 0x3a
 1987 015c 0B       		.uleb128 0xb
 1988 015d 3B       		.uleb128 0x3b
 1989 015e 0B       		.uleb128 0xb
 1990 015f 00       		.byte	0
 1991 0160 00       		.byte	0
 1992 0161 18       		.uleb128 0x18
 1993 0162 2E       		.uleb128 0x2e
 1994 0163 00       		.byte	0
 1995 0164 3F       		.uleb128 0x3f
 1996 0165 19       		.uleb128 0x19
 1997 0166 3C       		.uleb128 0x3c
 1998 0167 19       		.uleb128 0x19
 1999 0168 6E       		.uleb128 0x6e
 2000 0169 08       		.uleb128 0x8
 2001 016a 03       		.uleb128 0x3
 2002 016b 08       		.uleb128 0x8
 2003 016c 3A       		.uleb128 0x3a
 2004 016d 0B       		.uleb128 0xb
ARM GAS  C:\Users\Dell\AppData\Local\Temp\ccBjESAb.s 			page 40


 2005 016e 3B       		.uleb128 0x3b
 2006 016f 0B       		.uleb128 0xb
 2007 0170 00       		.byte	0
 2008 0171 00       		.byte	0
 2009 0172 00       		.byte	0
 2010              		.section	.debug_loc,"",%progbits
 2011              	.Ldebug_loc0:
 2012              	.LLST0:
 2013 0000 00000000 		.4byte	.LVL14
 2014 0004 08000000 		.4byte	.LVL16
 2015 0008 0100     		.2byte	0x1
 2016 000a 50       		.byte	0x50
 2017 000b 08000000 		.4byte	.LVL16
 2018 000f 14000000 		.4byte	.LFE64
 2019 0013 0400     		.2byte	0x4
 2020 0015 F3       		.byte	0xf3
 2021 0016 01       		.uleb128 0x1
 2022 0017 50       		.byte	0x50
 2023 0018 9F       		.byte	0x9f
 2024 0019 00000000 		.4byte	0
 2025 001d 00000000 		.4byte	0
 2026              	.LLST1:
 2027 0021 00000000 		.4byte	.LVL14
 2028 0025 06000000 		.4byte	.LVL15
 2029 0029 0100     		.2byte	0x1
 2030 002b 51       		.byte	0x51
 2031 002c 06000000 		.4byte	.LVL15
 2032 0030 14000000 		.4byte	.LFE64
 2033 0034 0400     		.2byte	0x4
 2034 0036 F3       		.byte	0xf3
 2035 0037 01       		.uleb128 0x1
 2036 0038 51       		.byte	0x51
 2037 0039 9F       		.byte	0x9f
 2038 003a 00000000 		.4byte	0
 2039 003e 00000000 		.4byte	0
 2040              	.LLST2:
 2041 0042 00000000 		.4byte	.LVL14
 2042 0046 0B000000 		.4byte	.LVL17-1
 2043 004a 0100     		.2byte	0x1
 2044 004c 52       		.byte	0x52
 2045 004d 0B000000 		.4byte	.LVL17-1
 2046 0051 14000000 		.4byte	.LFE64
 2047 0055 0100     		.2byte	0x1
 2048 0057 54       		.byte	0x54
 2049 0058 00000000 		.4byte	0
 2050 005c 00000000 		.4byte	0
 2051              		.section	.debug_aranges,"",%progbits
 2052 0000 3C000000 		.4byte	0x3c
 2053 0004 0200     		.2byte	0x2
 2054 0006 00000000 		.4byte	.Ldebug_info0
 2055 000a 04       		.byte	0x4
 2056 000b 00       		.byte	0
 2057 000c 0000     		.2byte	0
 2058 000e 0000     		.2byte	0
 2059 0010 00000000 		.4byte	.LFB67
 2060 0014 10000000 		.4byte	.LFE67-.LFB67
 2061 0018 00000000 		.4byte	.LFB66
ARM GAS  C:\Users\Dell\AppData\Local\Temp\ccBjESAb.s 			page 41


 2062 001c 90000000 		.4byte	.LFE66-.LFB66
 2063 0020 00000000 		.4byte	.LFB64
 2064 0024 14000000 		.4byte	.LFE64-.LFB64
 2065 0028 00000000 		.4byte	.LFB65
 2066 002c 10020000 		.4byte	.LFE65-.LFB65
 2067 0030 00000000 		.4byte	.LFB68
 2068 0034 60000000 		.4byte	.LFE68-.LFB68
 2069 0038 00000000 		.4byte	0
 2070 003c 00000000 		.4byte	0
 2071              		.section	.debug_ranges,"",%progbits
 2072              	.Ldebug_ranges0:
 2073 0000 00000000 		.4byte	.LFB67
 2074 0004 10000000 		.4byte	.LFE67
 2075 0008 00000000 		.4byte	.LFB66
 2076 000c 90000000 		.4byte	.LFE66
 2077 0010 00000000 		.4byte	.LFB64
 2078 0014 14000000 		.4byte	.LFE64
 2079 0018 00000000 		.4byte	.LFB65
 2080 001c 10020000 		.4byte	.LFE65
 2081 0020 00000000 		.4byte	.LFB68
 2082 0024 60000000 		.4byte	.LFE68
 2083 0028 00000000 		.4byte	0
 2084 002c 00000000 		.4byte	0
 2085              		.section	.debug_line,"",%progbits
 2086              	.Ldebug_line0:
 2087 0000 10030000 		.section	.debug_str,"MS",%progbits,1
 2087      02007502 
 2087      00000201 
 2087      FB0E0D00 
 2087      01010101 
 2088              	.LASF14:
 2089 0000 666C6F61 		.ascii	"float\000"
 2089      7400
 2090              	.LASF33:
 2091 0006 706F7369 		.ascii	"position_String\000"
 2091      74696F6E 
 2091      5F537472 
 2091      696E6700 
 2092              	.LASF21:
 2093 0016 636F6C75 		.ascii	"column\000"
 2093      6D6E00
 2094              	.LASF69:
 2095 001d 433A5C55 		.ascii	"C:\\Users\\Dell\\Desktop\\Pso Creator\\Control_Movi"
 2095      73657273 
 2095      5C44656C 
 2095      6C5C4465 
 2095      736B746F 
 2096 004b 6D69656E 		.ascii	"miento\\Control_velocidad_giro.cydsn\000"
 2096      746F5C43 
 2096      6F6E7472 
 2096      6F6C5F76 
 2096      656C6F63 
 2097              	.LASF32:
 2098 006f 706F7369 		.ascii	"position_receive\000"
 2098      74696F6E 
 2098      5F726563 
 2098      65697665 
ARM GAS  C:\Users\Dell\AppData\Local\Temp\ccBjESAb.s 			page 42


 2098      00
 2099              	.LASF2:
 2100 0080 73686F72 		.ascii	"short int\000"
 2100      7420696E 
 2100      7400
 2101              	.LASF39:
 2102 008a 50574D5F 		.ascii	"PWM_final\000"
 2102      66696E61 
 2102      6C00
 2103              	.LASF18:
 2104 0094 73697A65 		.ascii	"sizetype\000"
 2104      74797065 
 2104      00
 2105              	.LASF50:
 2106 009d 55415254 		.ascii	"UART_Serial_GetRxBufferSize\000"
 2106      5F536572 
 2106      69616C5F 
 2106      47657452 
 2106      78427566 
 2107              	.LASF71:
 2108 00b9 6D61696E 		.ascii	"main\000"
 2108      00
 2109              	.LASF23:
 2110 00be 69737253 		.ascii	"isrSerial\000"
 2110      65726961 
 2110      6C00
 2111              	.LASF53:
 2112 00c8 55415254 		.ascii	"UART_Serial_PutString\000"
 2112      5F536572 
 2112      69616C5F 
 2112      50757453 
 2112      7472696E 
 2113              	.LASF42:
 2114 00de 50554C5F 		.ascii	"PUL_reading\000"
 2114      72656164 
 2114      696E6700 
 2115              	.LASF45:
 2116 00ea 54696D65 		.ascii	"Timer_Stop\000"
 2116      725F5374 
 2116      6F7000
 2117              	.LASF13:
 2118 00f5 696E7431 		.ascii	"int16\000"
 2118      3600
 2119              	.LASF11:
 2120 00fb 75696E74 		.ascii	"uint8\000"
 2120      3800
 2121              	.LASF46:
 2122 0101 54696D65 		.ascii	"Timer_WritePeriod\000"
 2122      725F5772 
 2122      69746550 
 2122      6572696F 
 2122      6400
 2123              	.LASF20:
 2124 0113 7072696E 		.ascii	"printLCD\000"
 2124      744C4344 
 2124      00
 2125              	.LASF49:
ARM GAS  C:\Users\Dell\AppData\Local\Temp\ccBjESAb.s 			page 43


 2126 011c 4C43445F 		.ascii	"LCD_I2C_print\000"
 2126      4932435F 
 2126      7072696E 
 2126      7400
 2127              	.LASF34:
 2128 012a 52504D5F 		.ascii	"RPM_String\000"
 2128      53747269 
 2128      6E6700
 2129              	.LASF26:
 2130 0135 62756666 		.ascii	"bufferToSend_PWM\000"
 2130      6572546F 
 2130      53656E64 
 2130      5F50574D 
 2130      00
 2131              	.LASF6:
 2132 0146 6C6F6E67 		.ascii	"long long int\000"
 2132      206C6F6E 
 2132      6720696E 
 2132      7400
 2133              	.LASF19:
 2134 0154 69737254 		.ascii	"isrTimer\000"
 2134      696D6572 
 2134      00
 2135              	.LASF47:
 2136 015d 54696D65 		.ascii	"Timer_Start\000"
 2136      725F5374 
 2136      61727400 
 2137              	.LASF4:
 2138 0169 6C6F6E67 		.ascii	"long int\000"
 2138      20696E74 
 2138      00
 2139              	.LASF44:
 2140 0172 6F757454 		.ascii	"outTimer_Write\000"
 2140      696D6572 
 2140      5F577269 
 2140      746500
 2141              	.LASF61:
 2142 0181 6973725F 		.ascii	"isr_Timer_StartEx\000"
 2142      54696D65 
 2142      725F5374 
 2142      61727445 
 2142      7800
 2143              	.LASF41:
 2144 0193 64697374 		.ascii	"distance_final\000"
 2144      616E6365 
 2144      5F66696E 
 2144      616C00
 2145              	.LASF17:
 2146 01a2 6C6F6E67 		.ascii	"long double\000"
 2146      20646F75 
 2146      626C6500 
 2147              	.LASF1:
 2148 01ae 756E7369 		.ascii	"unsigned char\000"
 2148      676E6564 
 2148      20636861 
 2148      7200
 2149              	.LASF38:
ARM GAS  C:\Users\Dell\AppData\Local\Temp\ccBjESAb.s 			page 44


 2150 01bc 52504D5F 		.ascii	"RPM_reading\000"
 2150      72656164 
 2150      696E6700 
 2151              	.LASF52:
 2152 01c8 73707269 		.ascii	"sprintf\000"
 2152      6E746600 
 2153              	.LASF0:
 2154 01d0 7369676E 		.ascii	"signed char\000"
 2154      65642063 
 2154      68617200 
 2155              	.LASF7:
 2156 01dc 6C6F6E67 		.ascii	"long long unsigned int\000"
 2156      206C6F6E 
 2156      6720756E 
 2156      7369676E 
 2156      65642069 
 2157              	.LASF8:
 2158 01f3 756E7369 		.ascii	"unsigned int\000"
 2158      676E6564 
 2158      20696E74 
 2158      00
 2159              	.LASF48:
 2160 0200 4C43445F 		.ascii	"LCD_I2C_setCursor\000"
 2160      4932435F 
 2160      73657443 
 2160      7572736F 
 2160      7200
 2161              	.LASF5:
 2162 0212 6C6F6E67 		.ascii	"long unsigned int\000"
 2162      20756E73 
 2162      69676E65 
 2162      6420696E 
 2162      7400
 2163              	.LASF30:
 2164 0224 52504D5F 		.ascii	"RPM_receive\000"
 2164      72656365 
 2164      69766500 
 2165              	.LASF54:
 2166 0230 50574D5F 		.ascii	"PWM_WriteCompare\000"
 2166      57726974 
 2166      65436F6D 
 2166      70617265 
 2166      00
 2167              	.LASF3:
 2168 0241 73686F72 		.ascii	"short unsigned int\000"
 2168      7420756E 
 2168      7369676E 
 2168      65642069 
 2168      6E7400
 2169              	.LASF40:
 2170 0254 64697374 		.ascii	"distance\000"
 2170      616E6365 
 2170      00
 2171              	.LASF16:
 2172 025d 63686172 		.ascii	"char\000"
 2172      00
 2173              	.LASF51:
ARM GAS  C:\Users\Dell\AppData\Local\Temp\ccBjESAb.s 			page 45


 2174 0262 55415254 		.ascii	"UART_Serial_GetChar\000"
 2174      5F536572 
 2174      69616C5F 
 2174      47657443 
 2174      68617200 
 2175              	.LASF25:
 2176 0276 62756666 		.ascii	"bufferReceive\000"
 2176      65725265 
 2176      63656976 
 2176      6500
 2177              	.LASF10:
 2178 0284 696E7433 		.ascii	"int32_t\000"
 2178      325F7400 
 2179              	.LASF58:
 2180 028c 55415254 		.ascii	"UART_Serial_ClearRxBuffer\000"
 2180      5F536572 
 2180      69616C5F 
 2180      436C6561 
 2180      72527842 
 2181              	.LASF37:
 2182 02a6 63617074 		.ascii	"capture\000"
 2182      75726500 
 2183              	.LASF43:
 2184 02ae 6F757454 		.ascii	"outTimer_Read\000"
 2184      696D6572 
 2184      5F526561 
 2184      6400
 2185              	.LASF12:
 2186 02bc 75696E74 		.ascii	"uint32\000"
 2186      333200
 2187              	.LASF68:
 2188 02c3 6D61696E 		.ascii	"main.c\000"
 2188      2E6300
 2189              	.LASF22:
 2190 02ca 6D657373 		.ascii	"message\000"
 2190      61676500 
 2191              	.LASF15:
 2192 02d2 646F7562 		.ascii	"double\000"
 2192      6C6500
 2193              	.LASF29:
 2194 02d9 52504D5F 		.ascii	"RPM_value_String\000"
 2194      76616C75 
 2194      655F5374 
 2194      72696E67 
 2194      00
 2195              	.LASF65:
 2196 02ea 436C6F63 		.ascii	"Clock_Start\000"
 2196      6B5F5374 
 2196      61727400 
 2197              	.LASF28:
 2198 02f6 636F756E 		.ascii	"count\000"
 2198      7400
 2199              	.LASF9:
 2200 02fc 5F5F696E 		.ascii	"__int32_t\000"
 2200      7433325F 
 2200      7400
 2201              	.LASF56:
ARM GAS  C:\Users\Dell\AppData\Local\Temp\ccBjESAb.s 			page 46


 2202 0306 6C656674 		.ascii	"left_Write\000"
 2202      5F577269 
 2202      746500
 2203              	.LASF66:
 2204 0311 50574D5F 		.ascii	"PWM_Start\000"
 2204      53746172 
 2204      7400
 2205              	.LASF64:
 2206 031b 4C43445F 		.ascii	"LCD_I2C_start\000"
 2206      4932435F 
 2206      73746172 
 2206      7400
 2207              	.LASF27:
 2208 0329 62756666 		.ascii	"bufferToSend_Pos\000"
 2208      6572546F 
 2208      53656E64 
 2208      5F506F73 
 2208      00
 2209              	.LASF35:
 2210 033a 696E745F 		.ascii	"int_Capture_flag\000"
 2210      43617074 
 2210      7572655F 
 2210      666C6167 
 2210      00
 2211              	.LASF60:
 2212 034b 6973725F 		.ascii	"isr_Encoder_A_StartEx\000"
 2212      456E636F 
 2212      6465725F 
 2212      415F5374 
 2212      61727445 
 2213              	.LASF57:
 2214 0361 72696774 		.ascii	"rigth_Write\000"
 2214      685F5772 
 2214      69746500 
 2215              	.LASF24:
 2216 036d 49544D5F 		.ascii	"ITM_RxBuffer\000"
 2216      52784275 
 2216      66666572 
 2216      00
 2217              	.LASF67:
 2218 037a 474E5520 		.ascii	"GNU C11 5.4.1 20160609 (release) [ARM/embedded-5-br"
 2218      43313120 
 2218      352E342E 
 2218      31203230 
 2218      31363036 
 2219 03ad 616E6368 		.ascii	"anch revision 237715] -mcpu=cortex-m3 -mthumb -g -O"
 2219      20726576 
 2219      6973696F 
 2219      6E203233 
 2219      37373135 
 2220 03e0 67202D66 		.ascii	"g -ffunction-sections -ffat-lto-objects\000"
 2220      66756E63 
 2220      74696F6E 
 2220      2D736563 
 2220      74696F6E 
 2221              	.LASF55:
 2222 0408 43794465 		.ascii	"CyDelay\000"
ARM GAS  C:\Users\Dell\AppData\Local\Temp\ccBjESAb.s 			page 47


 2222      6C617900 
 2223              	.LASF63:
 2224 0410 4932435F 		.ascii	"I2C_Start\000"
 2224      53746172 
 2224      7400
 2225              	.LASF59:
 2226 041a 6973725F 		.ascii	"isr_Serial_StartEx\000"
 2226      53657269 
 2226      616C5F53 
 2226      74617274 
 2226      457800
 2227              	.LASF70:
 2228 042d 69737245 		.ascii	"isrEncoder_A\000"
 2228      6E636F64 
 2228      65725F41 
 2228      00
 2229              	.LASF31:
 2230 043a 506F735F 		.ascii	"Pos_value_String\000"
 2230      76616C75 
 2230      655F5374 
 2230      72696E67 
 2230      00
 2231              	.LASF36:
 2232 044b 696E7465 		.ascii	"interruptions_a\000"
 2232      72727570 
 2232      74696F6E 
 2232      735F6100 
 2233              	.LASF62:
 2234 045b 55415254 		.ascii	"UART_Serial_Start\000"
 2234      5F536572 
 2234      69616C5F 
 2234      53746172 
 2234      7400
 2235              		.ident	"GCC: (GNU Tools for ARM Embedded Processors) 5.4.1 20160609 (release) [ARM/embedded-5-bran
