#***************************************************************************

#sjplacer

#Version:            1.1

#Build Date:         Sep  9 2019 11:47:43

#File Generated:     Mar 19 2023 16:39:15

#Purpose:            

#Copyright (C) 2010-2011 by Softjin Technologies Pvt Ltd. All rights reserved.

#***************************************************************************

Executing : C:\Program Files (x86)\Cypress\PSoC Creator\4.4\PSoC Creator\bin/sjplacer.exe --proj-name Control_velocidad_giro --netlist-vh2 Control_velocidad_giro_p.vh2 --arch p35_udb4x6 --arch-file C:\Program Files (x86)\Cypress\PSoC Creator\4.4\PSoC Creator\dev\arch/udbdsi_4x6_24.cydata --ip-file C:\Program Files (x86)\Cypress\PSoC Creator\4.4\PSoC Creator\dev\psoc5/psoc5lp/ip_blocks.cydata --rrg-file C:\Program Files (x86)\Cypress\PSoC Creator\4.4\PSoC Creator\dev\psoc5/psoc5lp/route_arch-rrg.cydata --irq-file C:\Program Files (x86)\Cypress\PSoC Creator\4.4\PSoC Creator\dev\psoc5/psoc5lp/irqconn.cydata --drq-file C:\Program Files (x86)\Cypress\PSoC Creator\4.4\PSoC Creator\dev\psoc5/psoc5lp/dmaconn.cydata --dsi-conn-file C:\Program Files (x86)\Cypress\PSoC Creator\4.4\PSoC Creator\dev\psoc5/psoc5lp/dsiconn.cydata --pins-file pins_68-QFN.xml --lib-file Control_velocidad_giro_p.lib --sdc-file Control_velocidad_giro.sdc --io-pcf Control_velocidad_giro.pci --outdir .

		Softjin Techologies Placer, Version 1.1

Build Date : Sep  9 2019	11:45:12

D2004: Option and Settings Summary
=============================================================
Netlist vh2 file          - Control_velocidad_giro_p.vh2
Architecture file         - C:\Program Files (x86)\Cypress\PSoC Creator\4.4\PSoC Creator\dev\arch/udbdsi_4x6_24.cydata
Package                   - 
Defparam file             - 
SDC file                  - Control_velocidad_giro.sdc
Output directory          - .
Timing library            - Control_velocidad_giro_p.lib
IO Placement file         - Control_velocidad_giro.pci

D2050: Starting reading inputs for placer
=============================================================
D2065: Reading netlist file : "Control_velocidad_giro_p.vh2"
D2065: Reading arch file : "C:\Program Files (x86)\Cypress\PSoC Creator\4.4\PSoC Creator\dev\arch/udbdsi_4x6_24.cydata"
D2051: Reading of inputs for placer completed successfully

D2053: Starting placement of the design
=============================================================

Phase 2
Phase 3

Design Statistics after Packing
    Number of Combinational MCs 	:	11
    Number of Sequential MCs    	:	21
    Number of DPs               	:	5
    Number of Controls          	:	2
    Number of Status            	:	3
    Number of SyncCells         	:	0
    Number of count7cells       	:	1

Device Utilization Summary after Packing
    Macrocells                  :	32/192
    UDBS                        :	7/24
    IOs                         :	10/72


D2088: Phase 3, elapsed time : 0.0 (sec)

Phase 4
D2088: Phase 4, elapsed time : 0.0 (sec)

Phase 5
D2088: Phase 5, elapsed time : 0.0 (sec)

Phase 6

######################################################################
Placement Timing Summary

The timing summary is based on estimated routing delays after
placement. For final timing report, please carry out the timing
analysis after routing.
======================================================================

######################################################################
                     Clock Summary 
======================================================================
Number of clocks: 11
Clock: Clock                | Frequency:  59.7 MHz | Target:   4.8 MHz
Clock: CyBUS_CLK            | Frequency:  49.9 MHz | Target:  24.0 MHz
Clock: CyBUS_CLK(fixed-function) | Frequency: N/A       | Target:  24.0 MHz
Clock: CyILO                | Frequency: N/A       | Target:   0.0 MHz
Clock: CyIMO                | Frequency: N/A       | Target:   3.0 MHz
Clock: CyMASTER_CLK         | Frequency: N/A       | Target:  24.0 MHz
Clock: CyPLL_OUT            | Frequency: N/A       | Target:  24.0 MHz
Clock: UART_Serial_IntClock | Frequency:  49.9 MHz | Target:   0.9 MHz
Clock: \Timer:TimerHW\/tc   | Frequency: N/A       | Target:   0.0 MHz
Clock: timer_clock          | Frequency: N/A       | Target:   0.0 MHz
Clock: timer_clock(fixed-function) | Frequency: N/A       | Target:   0.0 MHz

======================================================================
                     End of Clock Summary
######################################################################

D2088: Phase 6, elapsed time : 0.0 (sec)

Phase 7
######################################################################
                     Clock Summary 
======================================================================
Number of clocks: 11
Clock: Clock                | Frequency:  59.7 MHz | Target:   4.8 MHz
Clock: CyBUS_CLK            | Frequency:   1.2 MHz | Target:  24.0 MHz
Clock: CyBUS_CLK(fixed-function) | Frequency: N/A       | Target:  24.0 MHz
Clock: CyILO                | Frequency: N/A       | Target:   0.0 MHz
Clock: CyIMO                | Frequency: N/A       | Target:   3.0 MHz
Clock: CyMASTER_CLK         | Frequency: N/A       | Target:  24.0 MHz
Clock: CyPLL_OUT            | Frequency: N/A       | Target:  24.0 MHz
Clock: UART_Serial_IntClock | Frequency:   1.2 MHz | Target:   0.9 MHz
Clock: \Timer:TimerHW\/tc   | Frequency: N/A       | Target:   0.0 MHz
Clock: timer_clock          | Frequency: N/A       | Target:   0.0 MHz
Clock: timer_clock(fixed-function) | Frequency: N/A       | Target:   0.0 MHz

======================================================================
                     End of Clock Summary
######################################################################
D2088: Phase 7, elapsed time : 0.7 (sec)

Final Design Statistics
    Number of Combinational MCs 	:	11
    Number of Sequential MCs    	:	21
    Number of DPs               	:	5
    Number of Controls          	:	2
    Number of Status            	:	3
    Number of SyncCells         	:	0
    Number of count7cells       	:	1
    Number of IOs       	:	10

Device Utilization Summary
    Macrocells                  :	32/192
    IOs                         :	10/72



######################################################################
Placement Timing Summary

The timing summary is based on estimated routing delays after
placement. For final timing report, please carry out the timing
analysis after routing.
======================================================================


######################################################################
                     Clock Summary 
======================================================================
Number of clocks: 11
Clock: Clock                | Frequency:  59.7 MHz | Target:   4.8 MHz
Clock: CyBUS_CLK            | Frequency:   1.4 MHz | Target:  24.0 MHz
Clock: CyBUS_CLK(fixed-function) | Frequency: N/A       | Target:  24.0 MHz
Clock: CyILO                | Frequency: N/A       | Target:   0.0 MHz
Clock: CyIMO                | Frequency: N/A       | Target:   3.0 MHz
Clock: CyMASTER_CLK         | Frequency: N/A       | Target:  24.0 MHz
Clock: CyPLL_OUT            | Frequency: N/A       | Target:  24.0 MHz
Clock: UART_Serial_IntClock | Frequency:   1.4 MHz | Target:   0.9 MHz
Clock: \Timer:TimerHW\/tc   | Frequency: N/A       | Target:   0.0 MHz
Clock: timer_clock          | Frequency: N/A       | Target:   0.0 MHz
Clock: timer_clock(fixed-function) | Frequency: N/A       | Target:   0.0 MHz

======================================================================
                     End of Clock Summary
######################################################################

Phase 8
D2088: Phase 8, elapsed time : 0.0 (sec)

D2054: Placement of the design completed successfully

I2076: Total run-time: 2.7 sec.

